F00C2468-08D9-4EA0-8AE9-0E3BD167CCB7, 2025-08-04 11:34:23, 35.67460740336837, 139.6713063208254, 49.688944147994235, 0.0, 90%
F00C2468-08D9-4EA0-8AE9-0E3BD167CCB7, 2025-08-04 11:41:06, 35.674606651288386, 139.6713067892191, 45.32583019120847, 0.0, 90%
F00C2468-08D9-4EA0-8AE9-0E3BD167CCB7, 2025-08-04 11:41:23, 35.674606651288386, 139.6713067892191, 45.32583019120847, 0.0, 90%
F00C2468-08D9-4EA0-8AE9-0E3BD167CCB7, 2025-08-04 11:47:18, 35.67479873520695, 139.67139972095364, 14.413634674790648, 0.0, 95%
F00C2468-08D9-4EA0-8AE9-0E3BD167CCB7, 2025-08-04 11:47:18, 35.674606651288386, 139.6713067892191, 45.32583019120847, 0.0, 90%
F00C2468-08D9-4EA0-8AE9-0E3BD167CCB7, 2025-08-04 11:47:26, 35.674606651288386, 139.6713067892191, 45.32583019120847, 0.0, 90%
F00C2468-08D9-4EA0-8AE9-0E3BD167CCB7, 2025-08-04 13:32:02, 35.67479873520695, 139.67139972095364, 14.413634674790648, 0.0, 95%
F00C2468-08D9-4EA0-8AE9-0E3BD167CCB7, 2025-08-04 13:32:02, 35.674606651288386, 139.6713067892191, 45.32583019120847, 0.0, 90%
F00C2468-08D9-4EA0-8AE9-0E3BD167CCB7, 2025-08-04 15:35:19, 35.67476948553503, 139.67108433291628, 31.375140076349613, 0.0, 95%
F00C2468-08D9-4EA0-8AE9-0E3BD167CCB7, 2025-08-04 15:36:19, 35.67475191740463, 139.67118746929614, 53.990891872177485, 0.006157768043349123, 95%
F00C2468-08D9-4EA0-8AE9-0E3BD167CCB7, 2025-08-04 15:37:51, 35.67456464226574, 139.6715020568756, 34.77863861083492, 1.1699999570846558, 95%
F00C2468-08D9-4EA0-8AE9-0E3BD167CCB7, 2025-08-04 15:39:16, 35.674645110028074, 139.67102132998076, 85.7420133247822, 0.8299999833106995, 95%
F00C2468-08D9-4EA0-8AE9-0E3BD167CCB7, 2025-08-04 15:40:16, 35.67475082948667, 139.67118624943492, 25.585810695803023, 0.6590717555748786, 95%
F00C2468-08D9-4EA0-8AE9-0E3BD167CCB7, 2025-08-04 15:41:16, 35.67475358725136, 139.67120310978382, 25.336353767099304, 0.0, 95%
F00C2468-08D9-4EA0-8AE9-0E3BD167CCB7, 2025-08-04 15:44:50, 35.67480122047546, 139.67133335706163, 13.050397508209874, 0.1831784109250378, 95%
F00C2468-08D9-4EA0-8AE9-0E3BD167CCB7, 2025-08-04 15:45:16, 35.67468773019044, 139.6712848269877, 10.661054557424617, 0.0, 95%
F00C2468-08D9-4EA0-8AE9-0E3BD167CCB7, 2025-08-04 15:46:16, 35.67467589219876, 139.6711935185195, 7.765702791221226, 1.1296249046259845, 95%
F00C2468-08D9-4EA0-8AE9-0E3BD167CCB7, 2025-08-04 15:47:16, 35.67466339162595, 139.6712346081063, 8.930594762742098, 0.0, 95%
F00C2468-08D9-4EA0-8AE9-0E3BD167CCB7, 2025-08-04 15:48:16, 35.674668908427904, 139.67124267333466, 6.9876693796389295, 0.42753538425126864, 100%
F00C2468-08D9-4EA0-8AE9-0E3BD167CCB7, 2025-08-04 15:50:56, 35.67466856653327, 139.67124446043573, 6.966014392657118, 0.5378384290907898, 100%
F00C2468-08D9-4EA0-8AE9-0E3BD167CCB7, 2025-08-04 15:51:16, 35.6747454591237, 139.6714442311472, 29.20381985880451, 0.0, 100%
F00C2468-08D9-4EA0-8AE9-0E3BD167CCB7, 2025-08-04 15:53:13, 35.674745689237945, 139.67145192824228, 74.5617473256426, 1.2190612042763915, 100%
F00C2468-08D9-4EA0-8AE9-0E3BD167CCB7, 2025-08-04 15:53:15, 35.674884676444464, 139.67144334534018, 45.53680516992541, 0.0, 100%
F00C2468-08D9-4EA0-8AE9-0E3BD167CCB7, 2025-08-04 15:54:41, 35.67493413009807, 139.67106044698667, 26.180837836285132, 0.0, 100%
F00C2468-08D9-4EA0-8AE9-0E3BD167CCB7, 2025-08-04 15:55:08, 35.67482885086466, 139.67082098483857, 18.157136755939323, 0.0, 100%
F00C2468-08D9-4EA0-8AE9-0E3BD167CCB7, 2025-08-04 15:55:41, 35.67493413009807, 139.67106044698667, 26.180837836285132, 0.0, 100%
F00C2468-08D9-4EA0-8AE9-0E3BD167CCB7, 2025-08-04 15:56:08, 35.67482885086476, 139.67082098483897, 18.15729580189341, 0.0, 100%
F00C2468-08D9-4EA0-8AE9-0E3BD167CCB7, 2025-08-04 15:56:41, 35.67493413009807, 139.67106044698667, 26.180837836285132, 0.0, 100%
F00C2468-08D9-4EA0-8AE9-0E3BD167CCB7, 2025-08-04 15:57:08, 35.67485629581872, 139.67091583740162, 109.79898034581848, 0.0, 100%
F00C2468-08D9-4EA0-8AE9-0E3BD167CCB7, 2025-08-04 15:57:41, 35.67493413009807, 139.67106044698667, 26.180837836285132, 0.0, 100%
F00C2468-08D9-4EA0-8AE9-0E3BD167CCB7, 2025-08-04 15:58:08, 35.67486155444325, 139.6709306835601, 105.84535724457344, 0.0, 100%
F00C2468-08D9-4EA0-8AE9-0E3BD167CCB7, 2025-08-04 15:58:41, 35.67493413009807, 139.67106044698667, 26.180837836285132, 0.0, 100%
F00C2468-08D9-4EA0-8AE9-0E3BD167CCB7, 2025-08-04 15:59:08, 35.67486611527732, 139.67094355971528, 102.29530026738864, 0.0, 100%
F00C2468-08D9-4EA0-8AE9-0E3BD167CCB7, 2025-08-04 15:59:41, 35.67493413009807, 139.67106044698667, 26.180837836285132, 0.0, 100%
F00C2468-08D9-4EA0-8AE9-0E3BD167CCB7, 2025-08-04 16:00:08, 35.67486611527732, 139.67094355971528, 102.29530026738864, 0.0, 100%
F00C2468-08D9-4EA0-8AE9-0E3BD167CCB7, 2025-08-04 16:00:41, 35.67493413009807, 139.67106044698667, 26.180837836285132, 0.0, 100%
F00C2468-08D9-4EA0-8AE9-0E3BD167CCB7, 2025-08-04 16:01:08, 35.67486611527732, 139.67094355971528, 102.29530026738864, 0.0, 100%
F00C2468-08D9-4EA0-8AE9-0E3BD167CCB7, 2025-08-04 16:01:41, 35.67493413009807, 139.67106044698667, 26.180837836285132, 0.0, 100%
F00C2468-08D9-4EA0-8AE9-0E3BD167CCB7, 2025-08-04 16:02:08, 35.67486611527732, 139.67094355971528, 102.29530026738864, 0.0, 100%
F00C2468-08D9-4EA0-8AE9-0E3BD167CCB7, 2025-08-04 16:02:41, 35.67493413009807, 139.67106044698667, 26.180837836285132, 0.0, 100%
F00C2468-08D9-4EA0-8AE9-0E3BD167CCB7, 2025-08-04 16:03:08, 35.67486611527732, 139.67094355971528, 102.29530026738864, 0.0, 100%
F00C2468-08D9-4EA0-8AE9-0E3BD167CCB7, 2025-08-04 16:03:41, 35.67493413009807, 139.67106044698667, 26.180837836285132, 0.0, 100%
F00C2468-08D9-4EA0-8AE9-0E3BD167CCB7, 2025-08-04 16:05:07, 35.67483235635497, 139.67120052333547, 23.52433033897336, 0.0, 100%
F00C2468-08D9-4EA0-8AE9-0E3BD167CCB7, 2025-08-04 16:05:19, 35.67483214714591, 139.67120069094904, 18.30115350596786, 0.0, 100%
F00C2468-08D9-4EA0-8AE9-0E3BD167CCB7, 2025-08-04 16:05:24, 35.674659336560275, 139.671336388904, 40.56259316766482, 0.0, 100%
F00C2468-08D9-4EA0-8AE9-0E3BD167CCB7, 2025-08-04 16:06:03, 35.674825553490905, 139.6712079191108, 6.913602132133588, 0.0, 100%
F00C2468-08D9-4EA0-8AE9-0E3BD167CCB7, 2025-08-04 16:06:07, 35.67483235635497, 139.67120052333547, 23.52433033897336, 0.0, 100%
F00C2468-08D9-4EA0-8AE9-0E3BD167CCB7, 2025-08-04 16:06:19, 35.67483214714591, 139.67120069094904, 18.30115350596786, 0.0, 100%
F00C2468-08D9-4EA0-8AE9-0E3BD167CCB7, 2025-08-04 16:06:24, 35.674659336560275, 139.671336388904, 40.56259316766482, 0.0, 100%
F00C2468-08D9-4EA0-8AE9-0E3BD167CCB7, 2025-08-04 16:07:03, 35.674826947700886, 139.67120599269123, 5.976105615097685, 2.1095888072961273, 100%
F00C2468-08D9-4EA0-8AE9-0E3BD167CCB7, 2025-08-04 16:07:07, 35.67483235635497, 139.67120052333547, 23.52433033897336, 0.0, 100%
F00C2468-08D9-4EA0-8AE9-0E3BD167CCB7, 2025-08-04 16:07:19, 35.67483214714591, 139.67120069094904, 18.30115350596786, 0.0, 100%
F00C2468-08D9-4EA0-8AE9-0E3BD167CCB7, 2025-08-04 16:07:24, 35.674659336560275, 139.671336388904, 40.56259316766482, 0.0, 100%
F00C2468-08D9-4EA0-8AE9-0E3BD167CCB7, 2025-08-04 16:08:03, 35.674826947700886, 139.67120599269123, 5.976105615097685, 2.1095888072961273, 100%
F00C2468-08D9-4EA0-8AE9-0E3BD167CCB7, 2025-08-04 16:08:07, 35.67483235635497, 139.67120052333547, 23.52433033897336, 0.0, 100%
F00C2468-08D9-4EA0-8AE9-0E3BD167CCB7, 2025-08-04 16:08:19, 35.67483214714591, 139.67120069094904, 18.30115350596786, 0.0, 100%
F00C2468-08D9-4EA0-8AE9-0E3BD167CCB7, 2025-08-04 16:08:24, 35.674659336560275, 139.671336388904, 40.56259316766482, 0.0, 100%
F00C2468-08D9-4EA0-8AE9-0E3BD167CCB7, 2025-08-04 16:09:03, 35.674826947700886, 139.67120599269123, 5.976105615097685, 2.1095888072961273, 100%
F00C2468-08D9-4EA0-8AE9-0E3BD167CCB7, 2025-08-04 16:09:07, 35.67483235635497, 139.67120052333547, 23.52433033897336, 0.0, 100%
F00C2468-08D9-4EA0-8AE9-0E3BD167CCB7, 2025-08-04 16:09:19, 35.67483214714591, 139.67120069094904, 18.30115350596786, 0.0, 100%
F00C2468-08D9-4EA0-8AE9-0E3BD167CCB7, 2025-08-04 16:09:24, 35.674659336560275, 139.671336388904, 40.56259316766482, 0.0, 100%
F00C2468-08D9-4EA0-8AE9-0E3BD167CCB7, 2025-08-04 16:10:03, 35.674826947700886, 139.67120599269123, 5.976105615097685, 2.1095888072961273, 100%
F00C2468-08D9-4EA0-8AE9-0E3BD167CCB7, 2025-08-04 16:10:07, 35.67483235635497, 139.67120052333547, 23.52433033897336, 0.0, 100%
F00C2468-08D9-4EA0-8AE9-0E3BD167CCB7, 2025-08-04 16:10:19, 35.67483214714591, 139.67120069094904, 18.30115350596786, 0.0, 100%
F00C2468-08D9-4EA0-8AE9-0E3BD167CCB7, 2025-08-04 16:10:24, 35.674659336560275, 139.671336388904, 40.56259316766482, 0.0, 100%
F00C2468-08D9-4EA0-8AE9-0E3BD167CCB7, 2025-08-04 16:11:03, 35.674826947700886, 139.67120599269123, 5.976105615097685, 2.1095888072961273, 100%
F00C2468-08D9-4EA0-8AE9-0E3BD167CCB7, 2025-08-04 16:11:07, 35.67483235635497, 139.67120052333547, 23.52433033897336, 0.0, 100%
F00C2468-08D9-4EA0-8AE9-0E3BD167CCB7, 2025-08-04 16:11:19, 35.67483214714591, 139.67120069094904, 18.30115350596786, 0.0, 100%
F00C2468-08D9-4EA0-8AE9-0E3BD167CCB7, 2025-08-04 16:11:24, 35.674659336560275, 139.671336388904, 40.56259316766482, 0.0, 100%
F00C2468-08D9-4EA0-8AE9-0E3BD167CCB7, 2025-08-04 16:12:03, 35.674826947700886, 139.67120599269123, 5.976105615097685, 2.1095888072961273, 100%
F00C2468-08D9-4EA0-8AE9-0E3BD167CCB7, 2025-08-04 16:12:07, 35.67483235635497, 139.67120052333547, 23.52433033897336, 0.0, 100%
F00C2468-08D9-4EA0-8AE9-0E3BD167CCB7, 2025-08-04 16:12:19, 35.67483214714591, 139.67120069094904, 18.30115350596786, 0.0, 100%
F00C2468-08D9-4EA0-8AE9-0E3BD167CCB7, 2025-08-04 16:12:24, 35.674659336560275, 139.671336388904, 40.56259316766482, 0.0, 100%
F00C2468-08D9-4EA0-8AE9-0E3BD167CCB7, 2025-08-04 16:13:03, 35.674826947700886, 139.67120599269123, 5.976105615097685, 2.1095888072961273, 100%
F00C2468-08D9-4EA0-8AE9-0E3BD167CCB7, 2025-08-04 16:13:07, 35.67483235635497, 139.67120052333547, 23.52433033897336, 0.0, 100%
F00C2468-08D9-4EA0-8AE9-0E3BD167CCB7, 2025-08-04 16:14:18, 35.67515071085259, 139.6708471321894, 45.73139754968379, 0.4300000071525574, 100%
F00C2468-08D9-4EA0-8AE9-0E3BD167CCB7, 2025-08-04 16:14:32, 35.674827765402476, 139.6710399898856, 36.38462684084003, 0.4419371091148597, 100%
F00C2468-08D9-4EA0-8AE9-0E3BD167CCB7, 2025-08-04 16:15:05, 35.67481624060566, 139.6712394256914, 37.87854990830701, 0.0, 100%
F00C2468-08D9-4EA0-8AE9-0E3BD167CCB7, 2025-08-04 16:15:18, 35.67515071085259, 139.6708471321894, 45.73139754968379, 0.4300000071525574, 100%
F00C2468-08D9-4EA0-8AE9-0E3BD167CCB7, 2025-08-04 16:15:32, 35.674827765402476, 139.6710399898856, 36.38462684084003, 0.4419371091148597, 100%
F00C2468-08D9-4EA0-8AE9-0E3BD167CCB7, 2025-08-04 16:16:05, 35.67491606008974, 139.67101460165995, 51.39629031090745, -1.0, 100%
F00C2468-08D9-4EA0-8AE9-0E3BD167CCB7, 2025-08-04 16:16:18, 35.67515071085259, 139.6708471321894, 45.73139754968379, 0.4300000071525574, 100%
F00C2468-08D9-4EA0-8AE9-0E3BD167CCB7, 2025-08-04 16:16:32, 35.674827765402476, 139.6710399898856, 36.38462684084003, 0.4419371091148597, 100%
F00C2468-08D9-4EA0-8AE9-0E3BD167CCB7, 2025-08-04 16:17:45, 35.674916720194894, 139.67100463798377, 30.166467097488677, 0.0, 100%
F00C2468-08D9-4EA0-8AE9-0E3BD167CCB7, 2025-08-04 16:17:49, 35.674915668904546, 139.671005667517, 23.435727133596988, 0.0, 100%
F00C2468-08D9-4EA0-8AE9-0E3BD167CCB7, 2025-08-04 16:17:52, 35.67491319661002, 139.67100963544604, 24.59333163921591, 0.0, 100%
F00C2468-08D9-4EA0-8AE9-0E3BD167CCB7, 2025-08-04 16:17:55, 35.67491280252108, 139.6710121085227, 16.70495111465883, 0.0, 100%
F00C2468-08D9-4EA0-8AE9-0E3BD167CCB7, 2025-08-04 16:17:57, 35.67491015295141, 139.67101835457143, 15.972164350945336, 0.0, 100%
F00C2468-08D9-4EA0-8AE9-0E3BD167CCB7, 2025-08-04 16:18:03, 35.67490427902915, 139.67105638753534, 4.670528376890176, 0.0, 100%
F00C2468-08D9-4EA0-8AE9-0E3BD167CCB7, 2025-08-04 16:18:45, 35.674916720194894, 139.67100463798377, 30.166467097488677, 0.0, 100%
F00C2468-08D9-4EA0-8AE9-0E3BD167CCB7, 2025-08-04 16:18:49, 35.674915668904546, 139.671005667517, 23.435727133596988, 0.0, 100%
F00C2468-08D9-4EA0-8AE9-0E3BD167CCB7, 2025-08-04 16:18:52, 35.67491319661002, 139.67100963544604, 24.59333163921591, 0.0, 100%
F00C2468-08D9-4EA0-8AE9-0E3BD167CCB7, 2025-08-04 16:18:55, 35.67491280252108, 139.6710121085227, 16.70495111465883, 0.0, 100%
F00C2468-08D9-4EA0-8AE9-0E3BD167CCB7, 2025-08-04 16:18:57, 35.67491015295141, 139.67101835457143, 15.972164350945336, 0.0, 100%
F00C2468-08D9-4EA0-8AE9-0E3BD167CCB7, 2025-08-04 16:19:03, 35.67490427879431, 139.67105639361495, 4.668414186090457, 0.0, 100%
F00C2468-08D9-4EA0-8AE9-0E3BD167CCB7, 2025-08-04 16:19:45, 35.674916720194894, 139.67100463798377, 30.166467097488677, 0.0, 100%
F00C2468-08D9-4EA0-8AE9-0E3BD167CCB7, 2025-08-04 16:19:49, 35.674915668904546, 139.671005667517, 23.435727133596988, 0.0, 100%
F00C2468-08D9-4EA0-8AE9-0E3BD167CCB7, 2025-08-04 16:19:52, 35.67491319661002, 139.67100963544604, 24.59333163921591, 0.0, 100%
F00C2468-08D9-4EA0-8AE9-0E3BD167CCB7, 2025-08-04 16:19:55, 35.67491280252108, 139.6710121085227, 16.70495111465883, 0.0, 100%
F00C2468-08D9-4EA0-8AE9-0E3BD167CCB7, 2025-08-04 16:19:57, 35.67491015295141, 139.67101835457143, 15.972164350945336, 0.0, 100%
F00C2468-08D9-4EA0-8AE9-0E3BD167CCB7, 2025-08-04 16:20:03, 35.67490427879431, 139.67105639361495, 4.668414186090457, 0.0, 100%
F00C2468-08D9-4EA0-8AE9-0E3BD167CCB7, 2025-08-04 16:20:45, 35.674916720194894, 139.67100463798377, 30.166467097488677, 0.0, 100%
F00C2468-08D9-4EA0-8AE9-0E3BD167CCB7, 2025-08-04 16:20:49, 35.674915668904546, 139.671005667517, 23.435727133596988, 0.0, 100%
F00C2468-08D9-4EA0-8AE9-0E3BD167CCB7, 2025-08-04 16:20:52, 35.67491319661002, 139.67100963544604, 24.59333163921591, 0.0, 100%
F00C2468-08D9-4EA0-8AE9-0E3BD167CCB7, 2025-08-04 16:20:55, 35.67491280252108, 139.6710121085227, 16.70495111465883, 0.0, 100%
F00C2468-08D9-4EA0-8AE9-0E3BD167CCB7, 2025-08-04 16:20:57, 35.67491015295141, 139.67101835457143, 15.972164350945336, 0.0, 100%
F00C2468-08D9-4EA0-8AE9-0E3BD167CCB7, 2025-08-04 16:21:03, 35.67490427879431, 139.67105639361495, 4.668414186090457, 0.0, 100%
F00C2468-08D9-4EA0-8AE9-0E3BD167CCB7, 2025-08-04 16:21:45, 35.674916720194894, 139.67100463798377, 30.166467097488677, 0.0, 100%
F00C2468-08D9-4EA0-8AE9-0E3BD167CCB7, 2025-08-04 16:21:49, 35.674915668904546, 139.671005667517, 23.435727133596988, 0.0, 100%
F00C2468-08D9-4EA0-8AE9-0E3BD167CCB7, 2025-08-04 16:21:52, 35.67491319661002, 139.67100963544604, 24.59333163921591, 0.0, 100%
F00C2468-08D9-4EA0-8AE9-0E3BD167CCB7, 2025-08-04 16:21:55, 35.67491280252108, 139.6710121085227, 16.70495111465883, 0.0, 100%
F00C2468-08D9-4EA0-8AE9-0E3BD167CCB7, 2025-08-04 16:21:57, 35.67491015295141, 139.67101835457143, 15.972164350945336, 0.0, 100%
F00C2468-08D9-4EA0-8AE9-0E3BD167CCB7, 2025-08-04 16:22:03, 35.67490427879431, 139.67105639361495, 4.668414186090457, 0.0, 100%
F00C2468-08D9-4EA0-8AE9-0E3BD167CCB7, 2025-08-04 16:22:27, 35.6749054279813, 139.67105773324485, 51.77140109566586, -1.0, 100%
F00C2468-08D9-4EA0-8AE9-0E3BD167CCB7, 2025-08-04 16:22:45, 35.674916720194894, 139.67100463798377, 30.166467097488677, 0.0, 100%
F00C2468-08D9-4EA0-8AE9-0E3BD167CCB7, 2025-08-04 16:22:49, 35.674915668904546, 139.671005667517, 23.435727133596988, 0.0, 100%
F00C2468-08D9-4EA0-8AE9-0E3BD167CCB7, 2025-08-04 16:22:52, 35.67491319661002, 139.67100963544604, 24.59333163921591, 0.0, 100%
F00C2468-08D9-4EA0-8AE9-0E3BD167CCB7, 2025-08-04 16:22:55, 35.67491280252108, 139.6710121085227, 16.70495111465883, 0.0, 100%
F00C2468-08D9-4EA0-8AE9-0E3BD167CCB7, 2025-08-04 16:22:57, 35.67491015295141, 139.67101835457143, 15.972164350945336, 0.0, 100%
F00C2468-08D9-4EA0-8AE9-0E3BD167CCB7, 2025-08-04 16:23:03, 35.67490427879431, 139.67105639361495, 4.668414186090457, 0.0, 100%
F00C2468-08D9-4EA0-8AE9-0E3BD167CCB7, 2025-08-04 16:23:27, 35.674934438502014, 139.67118780680553, 31.439767016748235, 0.0, 100%
F00C2468-08D9-4EA0-8AE9-0E3BD167CCB7, 2025-08-04 16:23:45, 35.674916720194894, 139.67100463798377, 30.166467097488677, 0.0, 100%
F00C2468-08D9-4EA0-8AE9-0E3BD167CCB7, 2025-08-04 16:23:49, 35.674915668904546, 139.671005667517, 23.435727133596988, 0.0, 100%
F00C2468-08D9-4EA0-8AE9-0E3BD167CCB7, 2025-08-04 16:23:52, 35.67491319661002, 139.67100963544604, 24.59333163921591, 0.0, 100%
F00C2468-08D9-4EA0-8AE9-0E3BD167CCB7, 2025-08-04 16:23:55, 35.67491280252108, 139.6710121085227, 16.70495111465883, 0.0, 100%
F00C2468-08D9-4EA0-8AE9-0E3BD167CCB7, 2025-08-04 16:23:57, 35.67491015295141, 139.67101835457143, 15.972164350945336, 0.0, 100%
F00C2468-08D9-4EA0-8AE9-0E3BD167CCB7, 2025-08-04 16:24:03, 35.67490427879431, 139.67105639361495, 4.668414186090457, 0.0, 100%
F00C2468-08D9-4EA0-8AE9-0E3BD167CCB7, 2025-08-04 16:24:27, 35.674934438502014, 139.67118780680553, 31.439767016748235, 0.0, 100%
F00C2468-08D9-4EA0-8AE9-0E3BD167CCB7, 2025-08-04 16:24:45, 35.674916720194894, 139.67100463798377, 30.166467097488677, 0.0, 100%
F00C2468-08D9-4EA0-8AE9-0E3BD167CCB7, 2025-08-04 16:24:49, 35.674915668904546, 139.671005667517, 23.435727133596988, 0.0, 100%
F00C2468-08D9-4EA0-8AE9-0E3BD167CCB7, 2025-08-04 16:24:52, 35.67491319661002, 139.67100963544604, 24.59333163921591, 0.0, 100%
F00C2468-08D9-4EA0-8AE9-0E3BD167CCB7, 2025-08-04 16:24:55, 35.67491280252108, 139.6710121085227, 16.70495111465883, 0.0, 100%
F00C2468-08D9-4EA0-8AE9-0E3BD167CCB7, 2025-08-04 16:24:57, 35.67491015295141, 139.67101835457143, 15.972164350945336, 0.0, 100%
F00C2468-08D9-4EA0-8AE9-0E3BD167CCB7, 2025-08-04 16:25:03, 35.67490427879431, 139.67105639361495, 4.668414186090457, 0.0, 100%
F00C2468-08D9-4EA0-8AE9-0E3BD167CCB7, 2025-08-04 16:25:27, 35.674934438502014, 139.67118780680553, 31.439767016748235, 0.0, 100%
F00C2468-08D9-4EA0-8AE9-0E3BD167CCB7, 2025-08-04 16:25:45, 35.674916720194894, 139.67100463798377, 30.166467097488677, 0.0, 100%
F00C2468-08D9-4EA0-8AE9-0E3BD167CCB7, 2025-08-04 16:25:49, 35.674915668904546, 139.671005667517, 23.435727133596988, 0.0, 100%
F00C2468-08D9-4EA0-8AE9-0E3BD167CCB7, 2025-08-04 16:25:52, 35.67491319661002, 139.67100963544604, 24.59333163921591, 0.0, 100%
F00C2468-08D9-4EA0-8AE9-0E3BD167CCB7, 2025-08-04 16:25:55, 35.67491280252108, 139.6710121085227, 16.70495111465883, 0.0, 100%
F00C2468-08D9-4EA0-8AE9-0E3BD167CCB7, 2025-08-04 16:25:57, 35.67491015295141, 139.67101835457143, 15.972164350945336, 0.0, 100%
F00C2468-08D9-4EA0-8AE9-0E3BD167CCB7, 2025-08-04 16:26:03, 35.67490427879431, 139.67105639361495, 4.668414186090457, 0.0, 100%
F00C2468-08D9-4EA0-8AE9-0E3BD167CCB7, 2025-08-04 16:26:27, 35.674934438502014, 139.67118780680553, 31.439767016748235, 0.0, 100%
F00C2468-08D9-4EA0-8AE9-0E3BD167CCB7, 2025-08-04 16:26:45, 35.674916720194894, 139.67100463798377, 30.166467097488677, 0.0, 100%
F00C2468-08D9-4EA0-8AE9-0E3BD167CCB7, 2025-08-04 16:26:49, 35.674915668904546, 139.671005667517, 23.435727133596988, 0.0, 100%
F00C2468-08D9-4EA0-8AE9-0E3BD167CCB7, 2025-08-04 16:26:52, 35.67491319661002, 139.67100963544604, 24.59333163921591, 0.0, 100%
F00C2468-08D9-4EA0-8AE9-0E3BD167CCB7, 2025-08-04 16:26:55, 35.67491280252108, 139.6710121085227, 16.70495111465883, 0.0, 100%
F00C2468-08D9-4EA0-8AE9-0E3BD167CCB7, 2025-08-04 16:26:57, 35.67491015295141, 139.67101835457143, 15.972164350945336, 0.0, 100%
F00C2468-08D9-4EA0-8AE9-0E3BD167CCB7, 2025-08-04 16:27:03, 35.67490427879431, 139.67105639361495, 4.668414186090457, 0.0, 100%
F00C2468-08D9-4EA0-8AE9-0E3BD167CCB7, 2025-08-04 16:27:27, 35.674934438502014, 139.67118780680553, 31.439767016748235, 0.0, 100%
F00C2468-08D9-4EA0-8AE9-0E3BD167CCB7, 2025-08-04 16:27:45, 35.674916720194894, 139.67100463798377, 30.166467097488677, 0.0, 100%
F00C2468-08D9-4EA0-8AE9-0E3BD167CCB7, 2025-08-04 16:27:49, 35.674915668904546, 139.671005667517, 23.435727133596988, 0.0, 100%
F00C2468-08D9-4EA0-8AE9-0E3BD167CCB7, 2025-08-04 16:27:52, 35.67491319661002, 139.67100963544604, 24.59333163921591, 0.0, 100%
F00C2468-08D9-4EA0-8AE9-0E3BD167CCB7, 2025-08-04 16:27:55, 35.67491280252108, 139.6710121085227, 16.70495111465883, 0.0, 100%
F00C2468-08D9-4EA0-8AE9-0E3BD167CCB7, 2025-08-04 16:27:57, 35.67491015295141, 139.67101835457143, 15.972164350945336, 0.0, 100%
F00C2468-08D9-4EA0-8AE9-0E3BD167CCB7, 2025-08-04 16:28:03, 35.67490427879431, 139.67105639361495, 4.668414186090457, 0.0, 100%
F00C2468-08D9-4EA0-8AE9-0E3BD167CCB7, 2025-08-04 16:28:27, 35.674934438502014, 139.67118780680553, 31.439767016748235, 0.0, 100%
F00C2468-08D9-4EA0-8AE9-0E3BD167CCB7, 2025-08-04 16:28:45, 35.674916720194894, 139.67100463798377, 30.166467097488677, 0.0, 100%
F00C2468-08D9-4EA0-8AE9-0E3BD167CCB7, 2025-08-04 16:28:49, 35.674915668904546, 139.671005667517, 23.435727133596988, 0.0, 100%
F00C2468-08D9-4EA0-8AE9-0E3BD167CCB7, 2025-08-04 16:28:52, 35.67491319661002, 139.67100963544604, 24.59333163921591, 0.0, 100%
F00C2468-08D9-4EA0-8AE9-0E3BD167CCB7, 2025-08-04 16:28:55, 35.67491280252108, 139.6710121085227, 16.70495111465883, 0.0, 100%
F00C2468-08D9-4EA0-8AE9-0E3BD167CCB7, 2025-08-04 16:28:57, 35.67491015295141, 139.67101835457143, 15.972164350945336, 0.0, 100%
F00C2468-08D9-4EA0-8AE9-0E3BD167CCB7, 2025-08-04 16:29:03, 35.67490427879431, 139.67105639361495, 4.668414186090457, 0.0, 100%
F00C2468-08D9-4EA0-8AE9-0E3BD167CCB7, 2025-08-04 16:29:27, 35.674934438502014, 139.67118780680553, 31.439767016748235, 0.0, 100%
F00C2468-08D9-4EA0-8AE9-0E3BD167CCB7, 2025-08-04 16:29:45, 35.674916720194894, 139.67100463798377, 30.166467097488677, 0.0, 100%
F00C2468-08D9-4EA0-8AE9-0E3BD167CCB7, 2025-08-04 16:29:49, 35.674915668904546, 139.671005667517, 23.435727133596988, 0.0, 100%
F00C2468-08D9-4EA0-8AE9-0E3BD167CCB7, 2025-08-04 16:29:52, 35.67491319661002, 139.67100963544604, 24.59333163921591, 0.0, 100%
F00C2468-08D9-4EA0-8AE9-0E3BD167CCB7, 2025-08-04 16:29:55, 35.67491280252108, 139.6710121085227, 16.70495111465883, 0.0, 100%
F00C2468-08D9-4EA0-8AE9-0E3BD167CCB7, 2025-08-04 16:29:57, 35.67491015295141, 139.67101835457143, 15.972164350945336, 0.0, 100%
F00C2468-08D9-4EA0-8AE9-0E3BD167CCB7, 2025-08-04 16:30:03, 35.67490427879431, 139.67105639361495, 4.668414186090457, 0.0, 100%
F00C2468-08D9-4EA0-8AE9-0E3BD167CCB7, 2025-08-04 16:30:27, 35.67493543773931, 139.67118955514533, 33.6403528817652, -1.0, 100%
F00C2468-08D9-4EA0-8AE9-0E3BD167CCB7, 2025-08-04 16:30:45, 35.674916720194894, 139.67100463798377, 30.166467097488677, 0.0, 100%
F00C2468-08D9-4EA0-8AE9-0E3BD167CCB7, 2025-08-04 16:30:49, 35.674915668904546, 139.671005667517, 23.435727133596988, 0.0, 100%
F00C2468-08D9-4EA0-8AE9-0E3BD167CCB7, 2025-08-04 16:30:52, 35.67491319661002, 139.67100963544604, 24.59333163921591, 0.0, 100%
F00C2468-08D9-4EA0-8AE9-0E3BD167CCB7, 2025-08-04 16:30:55, 35.67491280252108, 139.6710121085227, 16.70495111465883, 0.0, 100%
F00C2468-08D9-4EA0-8AE9-0E3BD167CCB7, 2025-08-04 16:30:57, 35.67491015295141, 139.67101835457143, 15.972164350945336, 0.0, 100%
F00C2468-08D9-4EA0-8AE9-0E3BD167CCB7, 2025-08-04 16:31:03, 35.67490427879431, 139.67105639361495, 4.668414186090457, 0.0, 100%
F00C2468-08D9-4EA0-8AE9-0E3BD167CCB7, 2025-08-04 16:31:27, 35.67488578512131, 139.67120763011022, 47.10225632496347, 0.0, 100%
F00C2468-08D9-4EA0-8AE9-0E3BD167CCB7, 2025-08-04 16:31:45, 35.674916720194894, 139.67100463798377, 30.166467097488677, 0.0, 100%
F00C2468-08D9-4EA0-8AE9-0E3BD167CCB7, 2025-08-04 16:31:49, 35.674915668904546, 139.671005667517, 23.435727133596988, 0.0, 100%
F00C2468-08D9-4EA0-8AE9-0E3BD167CCB7, 2025-08-04 16:31:52, 35.67491319661002, 139.67100963544604, 24.59333163921591, 0.0, 100%
F00C2468-08D9-4EA0-8AE9-0E3BD167CCB7, 2025-08-04 16:31:55, 35.67491280252108, 139.6710121085227, 16.70495111465883, 0.0, 100%
F00C2468-08D9-4EA0-8AE9-0E3BD167CCB7, 2025-08-04 16:31:57, 35.67491015295141, 139.67101835457143, 15.972164350945336, 0.0, 100%
F00C2468-08D9-4EA0-8AE9-0E3BD167CCB7, 2025-08-04 16:32:03, 35.67490427879431, 139.67105639361495, 4.668414186090457, 0.0, 100%
F00C2468-08D9-4EA0-8AE9-0E3BD167CCB7, 2025-08-04 16:32:27, 35.67486441054463, 139.671232449682, 12.315518652904995, 0.0, 100%
F00C2468-08D9-4EA0-8AE9-0E3BD167CCB7, 2025-08-04 16:32:45, 35.674916720194894, 139.67100463798377, 30.166467097488677, 0.0, 100%
F00C2468-08D9-4EA0-8AE9-0E3BD167CCB7, 2025-08-04 16:32:49, 35.674915668904546, 139.671005667517, 23.435727133596988, 0.0, 100%
F00C2468-08D9-4EA0-8AE9-0E3BD167CCB7, 2025-08-04 16:32:52, 35.67491319661002, 139.67100963544604, 24.59333163921591, 0.0, 100%
F00C2468-08D9-4EA0-8AE9-0E3BD167CCB7, 2025-08-04 16:32:55, 35.67491280252108, 139.6710121085227, 16.70495111465883, 0.0, 100%
F00C2468-08D9-4EA0-8AE9-0E3BD167CCB7, 2025-08-04 16:32:57, 35.67491015295141, 139.67101835457143, 15.972164350945336, 0.0, 100%
F00C2468-08D9-4EA0-8AE9-0E3BD167CCB7, 2025-08-04 16:33:03, 35.67490427879431, 139.67105639361495, 4.668414186090457, 0.0, 100%
F00C2468-08D9-4EA0-8AE9-0E3BD167CCB7, 2025-08-04 16:33:27, 35.67486424380404, 139.67123264329655, 11.377557960316825, 0.0, 100%
F00C2468-08D9-4EA0-8AE9-0E3BD167CCB7, 2025-08-04 16:33:45, 35.674916720194894, 139.67100463798377, 30.166467097488677, 0.0, 100%
F00C2468-08D9-4EA0-8AE9-0E3BD167CCB7, 2025-08-04 16:33:49, 35.674915668904546, 139.671005667517, 23.435727133596988, 0.0, 100%
F00C2468-08D9-4EA0-8AE9-0E3BD167CCB7, 2025-08-04 16:33:52, 35.67491319661002, 139.67100963544604, 24.59333163921591, 0.0, 100%
F00C2468-08D9-4EA0-8AE9-0E3BD167CCB7, 2025-08-04 16:33:55, 35.67491280252108, 139.6710121085227, 16.70495111465883, 0.0, 100%
F00C2468-08D9-4EA0-8AE9-0E3BD167CCB7, 2025-08-04 16:33:57, 35.67491015295141, 139.67101835457143, 15.972164350945336, 0.0, 100%
F00C2468-08D9-4EA0-8AE9-0E3BD167CCB7, 2025-08-04 16:34:03, 35.67490427879431, 139.67105639361495, 4.668414186090457, 0.0, 100%
F00C2468-08D9-4EA0-8AE9-0E3BD167CCB7, 2025-08-04 16:34:27, 35.67486424380404, 139.67123264329655, 11.377557960316825, 0.0, 100%
F00C2468-08D9-4EA0-8AE9-0E3BD167CCB7, 2025-08-04 16:34:45, 35.674916720194894, 139.67100463798377, 30.166467097488677, 0.0, 100%
F00C2468-08D9-4EA0-8AE9-0E3BD167CCB7, 2025-08-04 16:34:49, 35.674915668904546, 139.671005667517, 23.435727133596988, 0.0, 100%
F00C2468-08D9-4EA0-8AE9-0E3BD167CCB7, 2025-08-04 16:34:52, 35.67491319661002, 139.67100963544604, 24.59333163921591, 0.0, 100%
F00C2468-08D9-4EA0-8AE9-0E3BD167CCB7, 2025-08-04 16:34:55, 35.67491280252108, 139.6710121085227, 16.70495111465883, 0.0, 100%
F00C2468-08D9-4EA0-8AE9-0E3BD167CCB7, 2025-08-04 16:34:57, 35.67491015295141, 139.67101835457143, 15.972164350945336, 0.0, 100%
F00C2468-08D9-4EA0-8AE9-0E3BD167CCB7, 2025-08-04 16:35:03, 35.67490427879431, 139.67105639361495, 4.668414186090457, 0.0, 100%
F00C2468-08D9-4EA0-8AE9-0E3BD167CCB7, 2025-08-04 16:36:33, 35.67493585493313, 139.67134380711883, 135.8529585036168, 0.0, 100%
F00C2468-08D9-4EA0-8AE9-0E3BD167CCB7, 2025-08-04 16:36:35, 35.67475306866376, 139.67148007198935, 58.31814710813284, 0.0, 100%
F00C2468-08D9-4EA0-8AE9-0E3BD167CCB7, 2025-08-04 16:37:33, 35.67493585493313, 139.67134380711883, 135.8529585036168, 0.0, 100%
F00C2468-08D9-4EA0-8AE9-0E3BD167CCB7, 2025-08-04 16:43:18, 35.67475165867234, 139.67147538613565, 42.20581274197089, 0.0, 100%
F00C2468-08D9-4EA0-8AE9-0E3BD167CCB7, 2025-08-04 16:43:18, 35.67493585493313, 139.67134380711883, 135.8529585036168, 0.0, 100%
F00C2468-08D9-4EA0-8AE9-0E3BD167CCB7, 2025-08-04 16:44:43, 35.67493585493313, 139.67134380711883, 135.8529585036168, 0.0, 100%
F00C2468-08D9-4EA0-8AE9-0E3BD167CCB7, 2025-08-04 16:44:43, 35.674751435771384, 139.67147789886914, 45.615992487133255, -1.0, 100%
F00C2468-08D9-4EA0-8AE9-0E3BD167CCB7, 2025-08-04 16:45:33, 35.67493585493313, 139.67134380711883, 135.8529585036168, 0.0, 100%
F00C2468-08D9-4EA0-8AE9-0E3BD167CCB7, 2025-08-04 16:45:35, 35.67500511687399, 139.6713011084338, 10.853923712417696, 1.0545961556018537, 100%
F00C2468-08D9-4EA0-8AE9-0E3BD167CCB7, 2025-08-04 16:50:24, 35.67493585493313, 139.67134380711883, 135.8529585036168, 0.0, 100%
F00C2468-08D9-4EA0-8AE9-0E3BD167CCB7, 2025-08-04 16:50:24, 35.67498962757158, 139.6713935952459, 7.048116822619317, 0.0, 100%
F00C2468-08D9-4EA0-8AE9-0E3BD167CCB7, 2025-08-04 16:52:08, 35.674823397958654, 139.6717240336055, 108.0980962002115, 0.0, 100%
F00C2468-08D9-4EA0-8AE9-0E3BD167CCB7, 2025-08-04 16:53:08, 35.674765743616824, 139.67169198661188, 21.531266119038513, 0.0, 100%
F00C2468-08D9-4EA0-8AE9-0E3BD167CCB7, 2025-08-04 16:54:08, 35.67476164058746, 139.67168456907856, 110.86199822576208, 0.0, 100%
F00C2468-08D9-4EA0-8AE9-0E3BD167CCB7, 2025-08-04 16:55:24, 35.674931738027865, 139.6714809353318, 141.73275944752396, 0.0, 100%
F00C2468-08D9-4EA0-8AE9-0E3BD167CCB7, 2025-08-04 16:55:27, 35.67478013898709, 139.6716552598584, 13.25001461564369, 0.0, 100%
F00C2468-08D9-4EA0-8AE9-0E3BD167CCB7, 2025-08-04 16:56:24, 35.674931738027865, 139.6714809353318, 141.73275944752396, 0.0, 100%
F00C2468-08D9-4EA0-8AE9-0E3BD167CCB7, 2025-08-04 16:56:27, 35.674744444647, 139.67178519823474, 8.601228509375119, 0.0, 100%
F00C2468-08D9-4EA0-8AE9-0E3BD167CCB7, 2025-08-04 16:57:24, 35.674931738027865, 139.6714809353318, 141.73275944752396, 0.0, 100%
F00C2468-08D9-4EA0-8AE9-0E3BD167CCB7, 2025-08-04 16:57:27, 35.67474301828647, 139.6717963524186, 10.044951488613652, 0.0, 100%
F00C2468-08D9-4EA0-8AE9-0E3BD167CCB7, 2025-08-04 16:58:24, 35.674931738027865, 139.6714809353318, 141.73275944752396, 0.0, 100%
F00C2468-08D9-4EA0-8AE9-0E3BD167CCB7, 2025-08-04 16:58:27, 35.674743087084394, 139.67179638756255, 6.062157258876094, 0.0, 100%
F00C2468-08D9-4EA0-8AE9-0E3BD167CCB7, 2025-08-04 16:59:24, 35.674931738027865, 139.6714809353318, 141.73275944752396, 0.0, 100%
F00C2468-08D9-4EA0-8AE9-0E3BD167CCB7, 2025-08-04 16:59:27, 35.674743087084394, 139.67179638756255, 6.062157258876094, 0.0, 100%
F00C2468-08D9-4EA0-8AE9-0E3BD167CCB7, 2025-08-04 17:00:24, 35.674931738027865, 139.6714809353318, 141.73275944752396, 0.0, 100%
F00C2468-08D9-4EA0-8AE9-0E3BD167CCB7, 2025-08-04 17:00:27, 35.674743087084394, 139.67179638756255, 6.062157258876094, 0.0, 100%
F00C2468-08D9-4EA0-8AE9-0E3BD167CCB7, 2025-08-04 17:01:24, 35.674931738027865, 139.6714809353318, 141.73275944752396, 0.0, 100%
F00C2468-08D9-4EA0-8AE9-0E3BD167CCB7, 2025-08-04 17:01:27, 35.674743087084394, 139.67179638756255, 6.062157258876094, 0.0, 100%
F00C2468-08D9-4EA0-8AE9-0E3BD167CCB7, 2025-08-04 17:02:24, 35.674931738027865, 139.6714809353318, 141.73275944752396, 0.0, 100%
F00C2468-08D9-4EA0-8AE9-0E3BD167CCB7, 2025-08-04 17:02:27, 35.674743087084394, 139.67179638756255, 6.062157258876094, 0.0, 100%
F00C2468-08D9-4EA0-8AE9-0E3BD167CCB7, 2025-08-04 17:03:24, 35.674931738027865, 139.6714809353318, 141.73275944752396, 0.0, 100%
F00C2468-08D9-4EA0-8AE9-0E3BD167CCB7, 2025-08-04 17:03:27, 35.67494157779709, 139.67077407115355, 33.44963647790257, 0.0, 100%
F00C2468-08D9-4EA0-8AE9-0E3BD167CCB7, 2025-08-04 17:04:24, 35.674931738027865, 139.6714809353318, 141.73275944752396, 0.0, 100%
F00C2468-08D9-4EA0-8AE9-0E3BD167CCB7, 2025-08-04 17:04:27, 35.675029567282806, 139.6708254584699, 32.345664809231984, 0.637401291393165, 100%
F00C2468-08D9-4EA0-8AE9-0E3BD167CCB7, 2025-08-04 17:05:24, 35.674931738027865, 139.6714809353318, 141.73275944752396, 0.0, 100%
F00C2468-08D9-4EA0-8AE9-0E3BD167CCB7, 2025-08-04 17:05:27, 35.67499161199669, 139.67103655360623, 42.75175494332098, 0.0, 100%
F00C2468-08D9-4EA0-8AE9-0E3BD167CCB7, 2025-08-04 17:09:52, 35.674931738027865, 139.6714809353318, 141.73275944752396, 0.0, 100%
F00C2468-08D9-4EA0-8AE9-0E3BD167CCB7, 2025-08-04 17:09:52, 35.674991611996646, 139.67103655360623, 42.75179296322195, 0.0, 100%
F00C2468-08D9-4EA0-8AE9-0E3BD167CCB7, 2025-08-04 17:10:24, 35.674931738027865, 139.6714809353318, 141.73275944752396, 0.0, 100%
F00C2468-08D9-4EA0-8AE9-0E3BD167CCB7, 2025-08-04 17:10:27, 35.67499106561663, 139.67099608059732, 10.291747664494025, 0.0, 100%
F00C2468-08D9-4EA0-8AE9-0E3BD167CCB7, 2025-08-04 17:11:24, 35.674931738027865, 139.6714809353318, 141.73275944752396, 0.0, 100%
F00C2468-08D9-4EA0-8AE9-0E3BD167CCB7, 2025-08-04 17:11:27, 35.67497249327088, 139.67101856342418, 3.972291061483238, 0.3671880481666692, 100%
F00C2468-08D9-4EA0-8AE9-0E3BD167CCB7, 2025-08-04 17:17:26, 35.674931738027865, 139.6714809353318, 141.73275944752396, 0.0, 100%
F00C2468-08D9-4EA0-8AE9-0E3BD167CCB7, 2025-08-04 17:17:26, 35.67497249327088, 139.67101856342418, 3.972291061483238, 0.3671880481666692, 100%
F00C2468-08D9-4EA0-8AE9-0E3BD167CCB7, 2025-08-04 17:17:27, 35.67497260986891, 139.67101879784576, 16.333968508673397, -1.0, 100%
F00C2468-08D9-4EA0-8AE9-0E3BD167CCB7, 2025-08-04 17:18:24, 35.674931738027865, 139.6714809353318, 141.73275944752396, 0.0, 100%
F00C2468-08D9-4EA0-8AE9-0E3BD167CCB7, 2025-08-04 17:18:27, 35.67469947396563, 139.67116663122482, 4.837269689606125, 0.24953185502320677, 100%
F00C2468-08D9-4EA0-8AE9-0E3BD167CCB7, 2025-08-04 17:38:37, 35.674931738027865, 139.6714809353318, 141.73275944752396, 0.0, 100%
F00C2468-08D9-4EA0-8AE9-0E3BD167CCB7, 2025-08-04 17:38:37, 35.67469951877228, 139.6711633764505, 10.614875598962817, 3.760955080714299, 100%
F00C2468-08D9-4EA0-8AE9-0E3BD167CCB7, 2025-08-04 17:39:24, 35.674931738027865, 139.6714809353318, 141.73275944752396, 0.0, 100%
F00C2468-08D9-4EA0-8AE9-0E3BD167CCB7, 2025-08-04 17:39:27, 35.67495432993722, 139.67112029642402, 26.445788143124858, 0.0, 100%
F00C2468-08D9-4EA0-8AE9-0E3BD167CCB7, 2025-08-04 17:40:24, 35.674931738027865, 139.6714809353318, 141.73275944752396, 0.0, 100%
F00C2468-08D9-4EA0-8AE9-0E3BD167CCB7, 2025-08-04 17:40:27, 35.6747513449076, 139.6719975604026, 13.999915911397958, 0.4699999988079071, 100%
F00C2468-08D9-4EA0-8AE9-0E3BD167CCB7, 2025-08-04 17:41:24, 35.674931738027865, 139.6714809353318, 141.73275944752396, 0.0, 100%
F00C2468-08D9-4EA0-8AE9-0E3BD167CCB7, 2025-08-04 17:41:27, 35.67468277006125, 139.67157384666726, 162.37498803132854, 0.0, 100%
F00C2468-08D9-4EA0-8AE9-0E3BD167CCB7, 2025-08-04 17:42:24, 35.674931738027865, 139.6714809353318, 141.73275944752396, 0.0, 100%
F00C2468-08D9-4EA0-8AE9-0E3BD167CCB7, 2025-08-04 17:42:27, 35.67476245592938, 139.67154801187883, 7.009331613778812, 0.0, 100%
F00C2468-08D9-4EA0-8AE9-0E3BD167CCB7, 2025-08-04 17:43:24, 35.674931738027865, 139.6714809353318, 141.73275944752396, 0.0, 100%
F00C2468-08D9-4EA0-8AE9-0E3BD167CCB7, 2025-08-04 17:43:27, 35.67475645387231, 139.67163877193298, 8.367409430114542, 1.8160461615653232, 100%
F00C2468-08D9-4EA0-8AE9-0E3BD167CCB7, 2025-08-04 17:47:22, 35.674931738027865, 139.6714809353318, 141.73275944752396, 0.0, 100%
F00C2468-08D9-4EA0-8AE9-0E3BD167CCB7, 2025-08-04 17:47:22, 35.674759005728376, 139.67165489874168, 9.546657005378657, 0.10859444315795143, 100%
F00C2468-08D9-4EA0-8AE9-0E3BD167CCB7, 2025-08-04 17:47:24, 35.674931738027865, 139.6714809353318, 141.73275944752396, 0.0, 100%
F00C2468-08D9-4EA0-8AE9-0E3BD167CCB7, 2025-08-04 17:47:27, 35.67475900943004, 139.6716548407332, 10.458220195412267, -1.0, 100%
F00C2468-08D9-4EA0-8AE9-0E3BD167CCB7, 2025-08-04 17:48:56, 35.674773406103085, 139.6715897678401, 94.06987539334158, 0.0, 100%
F00C2468-08D9-4EA0-8AE9-0E3BD167CCB7, 2025-08-04 17:49:56, 35.674773406103085, 139.6715897678401, 94.06987539334158, 0.0, 100%
F00C2468-08D9-4EA0-8AE9-0E3BD167CCB7, 2025-08-04 17:50:56, 35.674773406103085, 139.6715897678401, 94.06987539334158, 0.0, 100%
F00C2468-08D9-4EA0-8AE9-0E3BD167CCB7, 2025-08-04 17:51:56, 35.674773406103085, 139.6715897678401, 94.06987539334158, 0.0, 100%
F00C2468-08D9-4EA0-8AE9-0E3BD167CCB7, 2025-08-04 17:52:56, 35.674773406103085, 139.6715897678401, 94.06987539334158, 0.0, 100%
F00C2468-08D9-4EA0-8AE9-0E3BD167CCB7, 2025-08-05 09:27:38, 35.67489204187317, 139.67111284135595, 109.42411669437207, 0.24129190765336883, 95%
F00C2468-08D9-4EA0-8AE9-0E3BD167CCB7, 2025-08-05 09:28:38, 35.67475348722686, 139.67137174072502, 63.521975972125425, 0.09123561731395237, 95%
F00C2468-08D9-4EA0-8AE9-0E3BD167CCB7, 2025-08-05 09:29:38, 35.67476535087527, 139.671591297133, 65.71871114386505, 0.0, 95%
F00C2468-08D9-4EA0-8AE9-0E3BD167CCB7, 2025-08-05 09:31:19, 35.67476527314079, 139.67159392603378, 65.39100767434795, 0.0, 95%
F00C2468-08D9-4EA0-8AE9-0E3BD167CCB7, 2025-08-05 09:32:19, 35.67476527314079, 139.67159392603378, 65.39100767434795, 0.0, 95%
F00C2468-08D9-4EA0-8AE9-0E3BD167CCB7, 2025-08-05 09:32:40, 35.67476706270577, 139.67158908209333, 65.6145265432381, -1.0, 95%
F00C2468-08D9-4EA0-8AE9-0E3BD167CCB7, 2025-08-05 09:33:37, 35.67476706270577, 139.67158908209333, 65.6145265432381, -1.0, 95%
F00C2468-08D9-4EA0-8AE9-0E3BD167CCB7, 2025-08-05 09:34:37, 35.67476706270577, 139.67158908209333, 65.6145265432381, -1.0, 95%
F00C2468-08D9-4EA0-8AE9-0E3BD167CCB7, 2025-08-05 09:35:37, 35.67476706270577, 139.67158908209333, 65.6145265432381, -1.0, 95%
F00C2468-08D9-4EA0-8AE9-0E3BD167CCB7, 2025-08-05 09:36:37, 35.67476706270577, 139.67158908209333, 65.6145265432381, -1.0, 95%
F00C2468-08D9-4EA0-8AE9-0E3BD167CCB7, 2025-08-05 09:37:37, 35.67476706270577, 139.67158908209333, 65.6145265432381, -1.0, 95%
F00C2468-08D9-4EA0-8AE9-0E3BD167CCB7, 2025-08-05 09:38:37, 35.67476706270577, 139.67158908209333, 65.6145265432381, -1.0, 95%
F00C2468-08D9-4EA0-8AE9-0E3BD167CCB7, 2025-08-05 09:39:37, 35.67476706270577, 139.67158908209333, 65.6145265432381, -1.0, 95%
F00C2468-08D9-4EA0-8AE9-0E3BD167CCB7, 2025-08-05 09:40:37, 35.67476706270577, 139.67158908209333, 65.6145265432381, -1.0, 95%
F00C2468-08D9-4EA0-8AE9-0E3BD167CCB7, 2025-08-05 09:41:37, 35.67476706270577, 139.67158908209333, 65.6145265432381, -1.0, 95%
F00C2468-08D9-4EA0-8AE9-0E3BD167CCB7, 2025-08-05 09:45:30, 35.674912188724605, 139.67153837748077, 45.17796159404219, -1.0, 100%
F00C2468-08D9-4EA0-8AE9-0E3BD167CCB7, 2025-08-05 09:45:30, 35.67474022777065, 139.6714924108311, 260.1595595350277, 0.0, 100%
F00C2468-08D9-4EA0-8AE9-0E3BD167CCB7, 2025-08-05 09:45:30, 35.674736184368776, 139.67154271381202, 290.5600161392738, -1.0, 100%
F00C2468-08D9-4EA0-8AE9-0E3BD167CCB7, 2025-08-05 09:45:30, 35.674912188724605, 139.67153837748077, 45.17796159404219, -1.0, 100%
F00C2468-08D9-4EA0-8AE9-0E3BD167CCB7, 2025-08-05 09:45:30, 35.674736184368776, 139.67154271381202, 290.5600161392738, -1.0, 100%
F00C2468-08D9-4EA0-8AE9-0E3BD167CCB7, 2025-08-05 09:45:30, 35.67473618436194, 139.671542713897, 290.5660758786799, -1.0, 100%
F00C2468-08D9-4EA0-8AE9-0E3BD167CCB7, 2025-08-05 09:45:34, 35.67459988208853, 139.67147392311801, 232.94607777618515, -1.0, 100%
F00C2468-08D9-4EA0-8AE9-0E3BD167CCB7, 2025-08-05 09:45:35, 35.674583813275135, 139.67143230593595, 198.8781476794134, -1.0, 100%
F00C2468-08D9-4EA0-8AE9-0E3BD167CCB7, 2025-08-05 09:45:36, 35.67470232512265, 139.67142087784822, 182.2017176898145, 0.0, 100%
F00C2468-08D9-4EA0-8AE9-0E3BD167CCB7, 2025-08-05 09:45:37, 35.67471409544282, 139.67140654164044, 165.1924385244694, 0.0, 100%
F00C2468-08D9-4EA0-8AE9-0E3BD167CCB7, 2025-08-05 09:45:38, 35.67474410196321, 139.67137231102615, 157.77574002097106, 0.0, 100%
F00C2468-08D9-4EA0-8AE9-0E3BD167CCB7, 2025-08-05 09:45:38, 35.674912188724605, 139.67153837748077, 45.17796159404219, -1.0, 100%
F00C2468-08D9-4EA0-8AE9-0E3BD167CCB7, 2025-08-05 09:45:38, 35.67474410196321, 139.67137231102615, 157.77574002097106, 0.0, 100%
F00C2468-08D9-4EA0-8AE9-0E3BD167CCB7, 2025-08-05 09:45:39, 35.67475639393724, 139.6713846320143, 142.85053214991052, -1.0, 100%
F00C2468-08D9-4EA0-8AE9-0E3BD167CCB7, 2025-08-05 09:45:40, 35.674760586348704, 139.6713628170427, 99.08594210694865, 0.0, 100%
F00C2468-08D9-4EA0-8AE9-0E3BD167CCB7, 2025-08-05 09:45:41, 35.674760586348775, 139.67136281704262, 99.08594248298215, 0.0, 100%
F00C2468-08D9-4EA0-8AE9-0E3BD167CCB7, 2025-08-05 09:45:42, 35.67478626293341, 139.671402824711, 86.63362291450589, 0.0, 100%
F00C2468-08D9-4EA0-8AE9-0E3BD167CCB7, 2025-08-05 09:45:43, 35.67482355128368, 139.67159218153014, 62.577925978956344, 0.0, 100%
F00C2468-08D9-4EA0-8AE9-0E3BD167CCB7, 2025-08-05 09:45:44, 35.67485662944473, 139.6717576084542, 49.326247699085215, 0.0, 100%
F00C2468-08D9-4EA0-8AE9-0E3BD167CCB7, 2025-08-05 09:45:45, 35.67485689872363, 139.6717586104353, 48.820293982496324, 0.0, 100%
F00C2468-08D9-4EA0-8AE9-0E3BD167CCB7, 2025-08-05 09:45:46, 35.6748595202383, 139.67176836503575, 43.5888492810601, 0.0, 100%
F00C2468-08D9-4EA0-8AE9-0E3BD167CCB7, 2025-08-05 09:45:47, 35.67486129343827, 139.67177496307522, 39.66096474426244, 0.0, 100%
F00C2468-08D9-4EA0-8AE9-0E3BD167CCB7, 2025-08-05 09:45:48, 35.67486265025443, 139.67178001175935, 36.37006704417812, 0.0, 100%
F00C2468-08D9-4EA0-8AE9-0E3BD167CCB7, 2025-08-05 09:45:49, 35.6748633484761, 139.67178260982735, 34.55463530287121, 0.0, 100%
F00C2468-08D9-4EA0-8AE9-0E3BD167CCB7, 2025-08-05 09:45:50, 35.67486351692005, 139.67178323660374, 34.1022018845751, 0.0, 100%
F00C2468-08D9-4EA0-8AE9-0E3BD167CCB7, 2025-08-05 09:45:51, 35.67486358714029, 139.6717834978917, 33.91181157481274, 0.0, 100%
F00C2468-08D9-4EA0-8AE9-0E3BD167CCB7, 2025-08-05 09:45:51, 35.67486358714029, 139.6717834978917, 33.91181157481274, 0.0, 100%
F00C2468-08D9-4EA0-8AE9-0E3BD167CCB7, 2025-08-05 09:45:52, 35.67486620829625, 139.67179381151087, 26.287744844206504, 0.0, 100%
F00C2468-08D9-4EA0-8AE9-0E3BD167CCB7, 2025-08-05 09:46:29, 35.67486620829625, 139.67179381151087, 26.287744844206504, 0.0, 100%
F00C2468-08D9-4EA0-8AE9-0E3BD167CCB7, 2025-08-05 09:47:29, 35.67486620829625, 139.67179381151087, 26.287744844206504, 0.0, 100%
F00C2468-08D9-4EA0-8AE9-0E3BD167CCB7, 2025-08-05 09:48:29, 35.67486620829625, 139.67179381151087, 26.287744844206504, 0.0, 100%
F00C2468-08D9-4EA0-8AE9-0E3BD167CCB7, 2025-08-05 09:49:29, 35.67486620829625, 139.67179381151087, 26.287744844206504, 0.0, 100%
F00C2468-08D9-4EA0-8AE9-0E3BD167CCB7, 2025-08-05 09:50:29, 35.67486620829625, 139.67179381151087, 26.287744844206504, 0.0, 100%
F00C2468-08D9-4EA0-8AE9-0E3BD167CCB7, 2025-08-05 09:51:29, 35.67486620829625, 139.67179381151087, 26.287744844206504, 0.0, 100%
F00C2468-08D9-4EA0-8AE9-0E3BD167CCB7, 2025-08-05 10:01:17, 35.6748722904534, 139.67195668201586, 76.72558200245342, -1.0, 100%
F00C2468-08D9-4EA0-8AE9-0E3BD167CCB7, 2025-08-05 10:01:17, 35.674890246557794, 139.67195496471732, 121.74964506730382, -1.0, 100%
F00C2468-08D9-4EA0-8AE9-0E3BD167CCB7, 2025-08-05 10:01:17, 35.67492414349657, 139.67198525230387, 262.12664273797157, -1.0, 100%
F00C2468-08D9-4EA0-8AE9-0E3BD167CCB7, 2025-08-05 10:01:21, 35.6748722904534, 139.67195668201586, 76.72558200245342, -1.0, 100%
F00C2468-08D9-4EA0-8AE9-0E3BD167CCB7, 2025-08-05 10:01:21, 35.67492414349657, 139.67198525230387, 262.12664273797157, -1.0, 100%
F00C2468-08D9-4EA0-8AE9-0E3BD167CCB7, 2025-08-05 10:01:21, 35.674925914987035, 139.6719868351657, 358.05038989684425, -1.0, 100%
F00C2468-08D9-4EA0-8AE9-0E3BD167CCB7, 2025-08-05 10:01:23, 35.6748722904534, 139.67195668201586, 76.72558200245342, -1.0, 100%
F00C2468-08D9-4EA0-8AE9-0E3BD167CCB7, 2025-08-05 10:01:23, 35.674925914987035, 139.6719868351657, 358.05038989684425, -1.0, 100%
F00C2468-08D9-4EA0-8AE9-0E3BD167CCB7, 2025-08-05 10:01:23, 35.67492634176651, 139.6719872165016, 370.2379551567977, -1.0, 100%
F00C2468-08D9-4EA0-8AE9-0E3BD167CCB7, 2025-08-05 10:02:13, 35.67492634176651, 139.6719872165016, 370.2379551567977, -1.0, 100%
F00C2468-08D9-4EA0-8AE9-0E3BD167CCB7, 2025-08-05 10:03:13, 35.67492634176651, 139.6719872165016, 370.2379551567977, -1.0, 100%
F00C2468-08D9-4EA0-8AE9-0E3BD167CCB7, 2025-08-05 10:03:59, 35.6748722904534, 139.67195668201586, 76.72558200245342, -1.0, 100%
F00C2468-08D9-4EA0-8AE9-0E3BD167CCB7, 2025-08-05 10:04:56, 35.67482953422247, 139.67118947816599, 6.669597325827356, 0.6379652033862656, 100%
F00C2468-08D9-4EA0-8AE9-0E3BD167CCB7, 2025-08-05 10:05:56, 35.674828357390716, 139.67120422170666, 6.4816385655166275, 0.028125993127042927, 100%
F00C2468-08D9-4EA0-8AE9-0E3BD167CCB7, 2025-08-05 10:06:56, 35.67482892943684, 139.67120783420526, 6.451642908665024, 0.3059482762560735, 100%
F00C2468-08D9-4EA0-8AE9-0E3BD167CCB7, 2025-08-05 10:07:56, 35.67482892943684, 139.67120783420526, 6.451642908665024, 0.3059482762560735, 100%
F00C2468-08D9-4EA0-8AE9-0E3BD167CCB7, 2025-08-05 10:08:56, 35.67482892943684, 139.67120783420526, 6.451642908665024, 0.3059482762560735, 100%
F00C2468-08D9-4EA0-8AE9-0E3BD167CCB7, 2025-08-05 10:09:56, 35.6748289202021, 139.67120977007627, 103.0080670319861, -1.0, 100%
F00C2468-08D9-4EA0-8AE9-0E3BD167CCB7, 2025-08-05 10:10:56, 35.674843381081274, 139.67138275454704, 7.344016610396356, 1.6214733699184474, 100%
F00C2468-08D9-4EA0-8AE9-0E3BD167CCB7, 2025-08-05 10:11:56, 35.674844353787265, 139.67139288466578, 7.3076599329605605, 0.6472265290334868, 100%
F00C2468-08D9-4EA0-8AE9-0E3BD167CCB7, 2025-08-05 10:12:56, 35.674844353787265, 139.67139288466578, 7.3076599329605605, 0.6472265290334868, 100%
F00C2468-08D9-4EA0-8AE9-0E3BD167CCB7, 2025-08-05 10:13:56, 35.674844353787265, 139.67139288466578, 7.3076599329605605, 0.6472265290334868, 100%
F00C2468-08D9-4EA0-8AE9-0E3BD167CCB7, 2025-08-05 10:14:56, 35.674844353787265, 139.67139288466578, 7.3076599329605605, 0.6472265290334868, 100%
F00C2468-08D9-4EA0-8AE9-0E3BD167CCB7, 2025-08-05 10:16:34, 35.674844353787265, 139.67139288466578, 7.3076599329605605, 0.6472265290334868, 100%
F00C2468-08D9-4EA0-8AE9-0E3BD167CCB7, 2025-08-05 10:16:56, 35.674840662528275, 139.6713507266378, 8.351565039934949, 0.0, 100%
F00C2468-08D9-4EA0-8AE9-0E3BD167CCB7, 2025-08-05 10:17:56, 35.674828914557594, 139.67136449627358, 2.95939047206733, 0.0, 100%
F00C2468-08D9-4EA0-8AE9-0E3BD167CCB7, 2025-08-05 10:25:08, 35.674828911135535, 139.67136449931883, 2.928679064539123, 0.0, 100%
F00C2468-08D9-4EA0-8AE9-0E3BD167CCB7, 2025-08-05 10:25:56, 35.67483582346841, 139.67140062327272, 4.44411052779049, 0.42259281358813083, 100%
F00C2468-08D9-4EA0-8AE9-0E3BD167CCB7, 2025-08-05 11:03:39, 35.67528112659375, 139.67255986567, 682.7658017946662, -1.0, 100%
F00C2468-08D9-4EA0-8AE9-0E3BD167CCB7, 2025-08-05 11:07:15, 35.67468001080467, 139.67234296346973, 652.3081283711994, -1.0, 100%
F00C2468-08D9-4EA0-8AE9-0E3BD167CCB7, 2025-08-05 11:07:19, 35.674689168664955, 139.6724241758566, 592.3196164827949, -1.0, 100%
F00C2468-08D9-4EA0-8AE9-0E3BD167CCB7, 2025-08-05 11:16:33, 35.674689168664955, 139.6724241758566, 592.3196164827949, -1.0, 100%
F00C2468-08D9-4EA0-8AE9-0E3BD167CCB7, 2025-08-05 11:17:19, 35.674689168664955, 139.6724241758566, 592.3196164827949, -1.0, 100%
F00C2468-08D9-4EA0-8AE9-0E3BD167CCB7, 2025-08-05 11:28:21, 35.674689168664955, 139.6724241758566, 592.3196164827949, -1.0, 100%
F00C2468-08D9-4EA0-8AE9-0E3BD167CCB7, 2025-08-05 11:31:30, 35.674689168664955, 139.6724241758566, 592.3196164827949, -1.0, 100%
F00C2468-08D9-4EA0-8AE9-0E3BD167CCB7, 2025-08-05 11:32:19, 35.674689168664955, 139.6724241758566, 592.3196164827949, -1.0, 100%
F00C2468-08D9-4EA0-8AE9-0E3BD167CCB7, 2025-08-05 11:33:19, 35.674689168664955, 139.6724241758566, 592.3196164827949, -1.0, 100%
F00C2468-08D9-4EA0-8AE9-0E3BD167CCB7, 2025-08-05 11:34:19, 35.674689168664955, 139.6724241758566, 592.3196164827949, -1.0, 100%
F00C2468-08D9-4EA0-8AE9-0E3BD167CCB7, 2025-08-05 11:35:19, 35.674689168664955, 139.6724241758566, 592.3196164827949, -1.0, 100%
F00C2468-08D9-4EA0-8AE9-0E3BD167CCB7, 2025-08-05 11:36:19, 35.674689168664955, 139.6724241758566, 592.3196164827949, -1.0, 100%
F00C2468-08D9-4EA0-8AE9-0E3BD167CCB7, 2025-08-05 11:37:19, 35.674689168664955, 139.6724241758566, 592.3196164827949, -1.0, 100%
F00C2468-08D9-4EA0-8AE9-0E3BD167CCB7, 2025-08-05 11:38:19, 35.674689168664955, 139.6724241758566, 592.3196164827949, -1.0, 100%
F00C2468-08D9-4EA0-8AE9-0E3BD167CCB7, 2025-08-05 11:39:19, 35.674689168664955, 139.6724241758566, 592.3196164827949, -1.0, 100%
F00C2468-08D9-4EA0-8AE9-0E3BD167CCB7, 2025-08-05 11:48:21, 35.674689168664955, 139.6724241758566, 592.3196164827949, -1.0, 100%
F00C2468-08D9-4EA0-8AE9-0E3BD167CCB7, 2025-08-05 11:49:00, 35.67456157783262, 139.671639706785, 77.56123855123151, -1.0, 100%
F00C2468-08D9-4EA0-8AE9-0E3BD167CCB7, 2025-08-05 11:49:58, 35.67473983012746, 139.67155926235918, 366.6743541342755, -1.0, 100%
F00C2468-08D9-4EA0-8AE9-0E3BD167CCB7, 2025-08-05 11:50:58, 35.67488436808509, 139.67165014461816, 7.424355774192441, 0.0, 100%
F00C2468-08D9-4EA0-8AE9-0E3BD167CCB7, 2025-08-05 11:51:58, 35.67487921841234, 139.67174562207254, 4.486333223204115, 0.0, 100%
F00C2468-08D9-4EA0-8AE9-0E3BD167CCB7, 2025-08-05 11:52:58, 35.67487921841114, 139.67174562209544, 4.486701174476848, 0.0, 100%
F00C2468-08D9-4EA0-8AE9-0E3BD167CCB7, 2025-08-05 11:53:58, 35.67487921841114, 139.67174562209544, 4.486701174476848, 0.0, 100%
F00C2468-08D9-4EA0-8AE9-0E3BD167CCB7, 2025-08-05 11:54:58, 35.67487921841114, 139.67174562209544, 4.486701174476848, 0.0, 100%
F00C2468-08D9-4EA0-8AE9-0E3BD167CCB7, 2025-08-05 11:55:58, 35.674879226076065, 139.67174564273492, 4.528216401649738, -1.0, 100%
F00C2468-08D9-4EA0-8AE9-0E3BD167CCB7, 2025-08-05 11:56:58, 35.674879226076065, 139.67174564273492, 4.528216401649738, -1.0, 100%
F00C2468-08D9-4EA0-8AE9-0E3BD167CCB7, 2025-08-05 11:57:58, 35.674879226076065, 139.67174564273492, 4.528216401649738, -1.0, 100%
F00C2468-08D9-4EA0-8AE9-0E3BD167CCB7, 2025-08-05 11:58:58, 35.674978548075515, 139.67177712222005, 62.797587385133774, 0.0, 100%
F00C2468-08D9-4EA0-8AE9-0E3BD167CCB7, 2025-08-05 11:59:58, 35.67495260896105, 139.67175994775243, 11.399025785813736, 0.48944880934761, 100%
F00C2468-08D9-4EA0-8AE9-0E3BD167CCB7, 2025-08-05 12:00:58, 35.67494620801864, 139.67175590149682, 11.282259399677855, 0.4319889131833771, 100%
F00C2468-08D9-4EA0-8AE9-0E3BD167CCB7, 2025-08-05 12:01:58, 35.67492900288062, 139.67185781605818, 11.750983397190902, 0.7249989978659152, 100%
F00C2468-08D9-4EA0-8AE9-0E3BD167CCB7, 2025-08-05 12:59:29, 35.67484414199258, 139.67181060242675, 8.95319647503885, 0.05846679244134546, 100%
F00C2468-08D9-4EA0-8AE9-0E3BD167CCB7, 2025-08-05 12:59:59, 35.674834614571324, 139.67177865900766, 239.4319701622229, -1.0, 100%
F00C2468-08D9-4EA0-8AE9-0E3BD167CCB7, 2025-08-05 13:00:58, 35.67482836159834, 139.67174565056615, 240.8053391371841, -1.0, 100%
F00C2468-08D9-4EA0-8AE9-0E3BD167CCB7, 2025-08-05 13:01:58, 35.674859663524295, 139.6717782186366, 244.34465024920925, -1.0, 100%
F00C2468-08D9-4EA0-8AE9-0E3BD167CCB7, 2025-08-05 13:02:58, 35.67492759246113, 139.67185511478078, 69.2410763863442, 0.0, 100%
F00C2468-08D9-4EA0-8AE9-0E3BD167CCB7, 2025-08-05 13:03:58, 35.67487049381554, 139.67168597053364, 18.557174607888328, 0.16644754150603863, 100%
F00C2468-08D9-4EA0-8AE9-0E3BD167CCB7, 2025-08-05 13:09:33, 35.67486502012371, 139.67168340144238, 18.106488805936614, 0.96307526842054, 100%
F00C2468-08D9-4EA0-8AE9-0E3BD167CCB7, 2025-08-05 13:09:58, 35.67485937195034, 139.67169933134016, 131.33788216141417, -1.0, 100%
F00C2468-08D9-4EA0-8AE9-0E3BD167CCB7, 2025-08-05 13:19:22, 35.67485937195034, 139.67169933134016, 131.33788216141417, -1.0, 100%
F00C2468-08D9-4EA0-8AE9-0E3BD167CCB7, 2025-08-05 13:19:27, 35.67485937195034, 139.67169933134016, 131.33788216141417, -1.0, 100%
F00C2468-08D9-4EA0-8AE9-0E3BD167CCB7, 2025-08-05 13:21:45, 35.67485937195034, 139.67169933134016, 131.33788216141417, -1.0, 100%
F00C2468-08D9-4EA0-8AE9-0E3BD167CCB7, 2025-08-05 13:22:27, 35.67485937195034, 139.67169933134016, 131.33788216141417, -1.0, 100%
F00C2468-08D9-4EA0-8AE9-0E3BD167CCB7, 2025-08-05 16:17:37, 35.67468729773468, 139.67119152025563, 14.05421475381251, -1.0, 100%
F00C2468-08D9-4EA0-8AE9-0E3BD167CCB7, 2025-08-05 16:18:36, 35.67469054845169, 139.67124238979883, 15.60527625404946, 0.0, 100%
F00C2468-08D9-4EA0-8AE9-0E3BD167CCB7, 2025-08-05 16:19:36, 35.67470742200352, 139.6712611661543, 5.279767995337817, 0.0, 100%
F00C2468-08D9-4EA0-8AE9-0E3BD167CCB7, 2025-08-05 16:21:35, 35.67471151298524, 139.67126926398817, 4.339863718207347, 0.0, 100%
F00C2468-08D9-4EA0-8AE9-0E3BD167CCB7, 2025-08-05 16:21:36, 35.67470354664287, 139.67124781050882, 13.490391355649738, -1.0, 100%
F00C2468-08D9-4EA0-8AE9-0E3BD167CCB7, 2025-08-05 16:22:36, 35.67478356517256, 139.6715369449634, 3.6882408512048865, 0.9482786063720071, 100%
F00C2468-08D9-4EA0-8AE9-0E3BD167CCB7, 2025-08-05 16:33:39, 35.674785131904606, 139.67154298475816, 3.61970554787672, 1.8829216747746567, 100%
F00C2468-08D9-4EA0-8AE9-0E3BD167CCB7, 2025-08-05 16:34:36, 35.67480079492897, 139.671516420567, 2.92868639891482, 0.0, 100%
F00C2468-08D9-4EA0-8AE9-0E3BD167CCB7, 2025-08-05 16:38:32, 35.674804862624704, 139.67151307618062, 2.8159346321532923, 0.0, 100%
F00C2468-08D9-4EA0-8AE9-0E3BD167CCB7, 2025-08-05 16:38:36, 35.67473829285391, 139.67136444583036, 12.641606318474617, -1.0, 100%
F00C2468-08D9-4EA0-8AE9-0E3BD167CCB7, 2025-08-05 16:39:36, 35.67480427573343, 139.67134060075324, 4.575779751560577, 0.2501913709792692, 100%
F00C2468-08D9-4EA0-8AE9-0E3BD167CCB7, 2025-08-05 17:28:58, 35.67481448189101, 139.67132178602938, 3.7971917030903795, 0.5509454770852107, 100%
F00C2468-08D9-4EA0-8AE9-0E3BD167CCB7, 2025-08-06 09:06:58, 35.674689125743356, 139.67122980564162, 19.136841103690614, -1.0, 95%
F00C2468-08D9-4EA0-8AE9-0E3BD167CCB7, 2025-08-06 09:07:56, 35.674687966405, 139.67122464877065, 7.987293841349626, -1.0, 95%
F00C2468-08D9-4EA0-8AE9-0E3BD167CCB7, 2025-08-06 09:08:56, 35.67468530798309, 139.67122628719383, 5.8410904830592445, 0.0, 95%
F00C2468-08D9-4EA0-8AE9-0E3BD167CCB7, 2025-08-06 09:09:56, 35.67468530798309, 139.67122628719383, 5.8410904830592445, 0.0, 95%
F00C2468-08D9-4EA0-8AE9-0E3BD167CCB7, 2025-08-06 09:10:56, 35.67468530798309, 139.67122628719383, 5.8410904830592445, 0.0, 95%
F00C2468-08D9-4EA0-8AE9-0E3BD167CCB7, 2025-08-06 09:11:56, 35.67468530798309, 139.67122628719383, 5.8410904830592445, 0.0, 95%
F00C2468-08D9-4EA0-8AE9-0E3BD167CCB7, 2025-08-06 09:12:46, 35.674686366858786, 139.67123242992238, 9.334914531712883, -1.0, 95%
F00C2468-08D9-4EA0-8AE9-0E3BD167CCB7, 2025-08-06 09:13:38, 35.67456797677171, 139.67141415797636, 4.839699362478949, 0.0, 95%
F00C2468-08D9-4EA0-8AE9-0E3BD167CCB7, 2025-08-06 09:14:38, 35.674583425577815, 139.67138795941338, 4.477610663228971, 0.0, 95%
F00C2468-08D9-4EA0-8AE9-0E3BD167CCB7, 2025-08-06 09:15:38, 35.67458354528877, 139.67138779749286, 4.474453818857124, 0.0, 95%
F00C2468-08D9-4EA0-8AE9-0E3BD167CCB7, 2025-08-06 09:18:23, 35.674584431405165, 139.67133035956593, 163.94111028873868, -1.0, 95%
F00C2468-08D9-4EA0-8AE9-0E3BD167CCB7, 2025-08-06 09:19:23, 35.67468723773733, 139.67123822997118, 6.522269027057189, 0.0, 95%
F00C2468-08D9-4EA0-8AE9-0E3BD167CCB7, 2025-08-06 09:20:23, 35.674688186289934, 139.67124806512572, 14.08048970471031, -1.0, 95%
F00C2468-08D9-4EA0-8AE9-0E3BD167CCB7, 2025-08-06 09:21:23, 35.67468993900933, 139.67137173354106, 18.76623066207937, 0.0, 95%
F00C2468-08D9-4EA0-8AE9-0E3BD167CCB7, 2025-08-06 09:22:23, 35.67468949664983, 139.6713449181353, 8.52476911087729, 0.0, 95%
F00C2468-08D9-4EA0-8AE9-0E3BD167CCB7, 2025-08-06 09:32:07, 35.67468942716904, 139.67135405659002, 7.884881433589966, 0.0, 95%
F00C2468-08D9-4EA0-8AE9-0E3BD167CCB7, 2025-08-06 09:32:23, 35.67463100624534, 139.67129556558592, 73.39428096062466, 0.6600000262260437, 100%
F00C2468-08D9-4EA0-8AE9-0E3BD167CCB7, 2025-08-06 09:33:23, 35.6746986925788, 139.67113001448857, 6.120017375925208, 0.0, 100%
F00C2468-08D9-4EA0-8AE9-0E3BD167CCB7, 2025-08-06 09:34:23, 35.67469413037278, 139.67116245376138, 5.5222485956414396, 0.0, 100%
F00C2468-08D9-4EA0-8AE9-0E3BD167CCB7, 2025-08-06 09:35:23, 35.67476632880855, 139.67135932961799, 4.361817632519264, 0.0, 100%
F00C2468-08D9-4EA0-8AE9-0E3BD167CCB7, 2025-08-06 09:36:23, 35.674765104074794, 139.6713586799979, 3.071891914194687, 0.0, 100%
F00C2468-08D9-4EA0-8AE9-0E3BD167CCB7, 2025-08-06 09:38:54, 35.674765104074794, 139.6713586799979, 3.071891914194687, 0.0, 100%
F00C2468-08D9-4EA0-8AE9-0E3BD167CCB7, 2025-08-06 09:39:23, 35.67479317210962, 139.67135870619316, 9.999925372083235, 0.0, 100%
F00C2468-08D9-4EA0-8AE9-0E3BD167CCB7, 2025-08-06 09:40:23, 35.67472093883217, 139.6712865339678, 5.360584979224343, 0.0, 100%
F00C2468-08D9-4EA0-8AE9-0E3BD167CCB7, 2025-08-06 09:41:23, 35.67471136625553, 139.67131564459834, 9.526368230473134, 0.0, 100%
F00C2468-08D9-4EA0-8AE9-0E3BD167CCB7, 2025-08-06 09:42:23, 35.67468768807263, 139.6714658997875, 30.3989024308835, 0.19902227822324786, 100%
F00C2468-08D9-4EA0-8AE9-0E3BD167CCB7, 2025-08-06 09:43:23, 35.67458050439455, 139.6713977348217, 27.23699589779605, 0.0, 100%
F00C2468-08D9-4EA0-8AE9-0E3BD167CCB7, 2025-08-06 09:44:23, 35.67468086820509, 139.67123947804149, 11.542296027883905, 0.0, 100%
F00C2468-08D9-4EA0-8AE9-0E3BD167CCB7, 2025-08-06 09:45:23, 35.67464160356934, 139.67130068815382, 4.51555300722464, 0.0, 100%
F00C2468-08D9-4EA0-8AE9-0E3BD167CCB7, 2025-08-06 09:58:07, 35.67468758280528, 139.67123069190683, 14.827379660694234, -1.0, 100%
F00C2468-08D9-4EA0-8AE9-0E3BD167CCB7, 2025-08-06 09:59:07, 35.674667156562435, 139.67128724618632, 4.236886789906077, 0.7369105084608418, 100%
F00C2468-08D9-4EA0-8AE9-0E3BD167CCB7, 2025-08-06 10:01:00, 35.674623161388624, 139.67117486635746, 13.117394184418735, -1.0, 100%
F00C2468-08D9-4EA0-8AE9-0E3BD167CCB7, 2025-08-06 10:02:00, 35.67487939402396, 139.67122311065506, 8.173360437714674, 0.5743722780606049, 100%
F00C2468-08D9-4EA0-8AE9-0E3BD167CCB7, 2025-08-06 10:03:00, 35.67525274586127, 139.67101596909723, 14.57105858495631, 0.04253305683262174, 100%
F00C2468-08D9-4EA0-8AE9-0E3BD167CCB7, 2025-08-06 10:04:00, 35.67506732431118, 139.67081426834744, 14.26093205917049, 0.8201430784293161, 100%
F00C2468-08D9-4EA0-8AE9-0E3BD167CCB7, 2025-08-06 10:05:00, 35.67476809243498, 139.66999678230292, 14.20396997867504, 0.04137594002964432, 100%
F00C2468-08D9-4EA0-8AE9-0E3BD167CCB7, 2025-08-06 10:06:00, 35.67460427094051, 139.66933790429704, 14.244024364110684, 0.49976267853491796, 100%
F00C2468-08D9-4EA0-8AE9-0E3BD167CCB7, 2025-08-06 10:07:00, 35.674268822816536, 139.66880452622138, 28.885085563350025, -1.0, 100%
F00C2468-08D9-4EA0-8AE9-0E3BD167CCB7, 2025-08-06 10:10:37, 35.67408888563176, 139.66826723362, 31.84814273911712, -1.0, 100%
F00C2468-08D9-4EA0-8AE9-0E3BD167CCB7, 2025-08-06 10:11:35, 35.67367848386985, 139.66675485231042, 14.24595459057527, 0.479232601223786, 100%
F00C2468-08D9-4EA0-8AE9-0E3BD167CCB7, 2025-08-06 10:12:35, 35.67418003458127, 139.66871336115491, 27.806846111691346, 13.319999694824219, 100%
F00C2468-08D9-4EA0-8AE9-0E3BD167CCB7, 2025-08-06 10:13:35, 35.676097689285236, 139.67458185192498, 505.4293544951368, -1.0, 100%
F00C2468-08D9-4EA0-8AE9-0E3BD167CCB7, 2025-08-06 10:14:35, 35.67638740160845, 139.6752135605496, 1571.443740676617, -1.0, 100%
F00C2468-08D9-4EA0-8AE9-0E3BD167CCB7, 2025-08-06 10:15:35, 35.67697410208304, 139.67610487223976, 1913.527772814492, -1.0, 100%
F00C2468-08D9-4EA0-8AE9-0E3BD167CCB7, 2025-08-06 10:16:35, 35.67736414450701, 139.6766286248551, 2042.0118054216498, -1.0, 100%
F00C2468-08D9-4EA0-8AE9-0E3BD167CCB7, 2025-08-06 10:17:35, 35.67941253571605, 139.67903578664033, 1971.248521734797, -1.0, 100%
F00C2468-08D9-4EA0-8AE9-0E3BD167CCB7, 2025-08-06 10:18:36, 35.690035948140235, 139.69872869330823, 92.38083310297179, -1.0, 100%
F00C2468-08D9-4EA0-8AE9-0E3BD167CCB7, 2025-08-06 10:19:35, 35.691073346799804, 139.6989035049265, 172.40297800378073, -1.0, 100%
F00C2468-08D9-4EA0-8AE9-0E3BD167CCB7, 2025-08-06 10:20:35, 35.69063229074925, 139.69911286932097, 11.155316978476696, -1.0, 100%
F00C2468-08D9-4EA0-8AE9-0E3BD167CCB7, 2025-08-06 10:21:35, 35.69083760429759, 139.69904409976527, 9.579034854240867, -1.0, 100%
F00C2468-08D9-4EA0-8AE9-0E3BD167CCB7, 2025-08-06 10:22:35, 35.69085252107155, 139.69907866063662, 9.668987945929393, -1.0, 100%
F00C2468-08D9-4EA0-8AE9-0E3BD167CCB7, 2025-08-06 10:23:35, 35.69083555620112, 139.6990457269888, 14.527117840801687, -1.0, 100%
F00C2468-08D9-4EA0-8AE9-0E3BD167CCB7, 2025-08-06 10:24:35, 35.69073191286272, 139.69894269458365, 23.848244381056666, -1.0, 100%
F00C2468-08D9-4EA0-8AE9-0E3BD167CCB7, 2025-08-06 10:25:35, 35.69067350320029, 139.69819833802015, 7.894116954782611, -1.0, 100%
F00C2468-08D9-4EA0-8AE9-0E3BD167CCB7, 2025-08-06 10:26:35, 35.69073411184401, 139.69824171690905, 11.343836879923051, -1.0, 100%
F00C2468-08D9-4EA0-8AE9-0E3BD167CCB7, 2025-08-06 10:27:35, 35.690803204361934, 139.69849329596536, 17.87506298345564, -1.0, 100%
F00C2468-08D9-4EA0-8AE9-0E3BD167CCB7, 2025-08-06 10:28:35, 35.69103924645994, 139.69693464250054, 10.091130954440768, -1.0, 100%
F00C2468-08D9-4EA0-8AE9-0E3BD167CCB7, 2025-08-06 10:29:35, 35.6909437526815, 139.69589140385003, 38.3474537261695, -1.0, 100%
F00C2468-08D9-4EA0-8AE9-0E3BD167CCB7, 2025-08-06 10:30:35, 35.69098617226606, 139.69386368340588, 168.6313109430767, -1.0, 100%
F00C2468-08D9-4EA0-8AE9-0E3BD167CCB7, 2025-08-06 10:31:35, 35.690840617786925, 139.6936543845941, 23.27160292800888, 0.23000000417232513, 100%
F00C2468-08D9-4EA0-8AE9-0E3BD167CCB7, 2025-08-06 10:32:35, 35.690909971293095, 139.69456511816347, 47.096441874080575, 0.0, 100%
F00C2468-08D9-4EA0-8AE9-0E3BD167CCB7, 2025-08-06 10:33:35, 35.69103769529057, 139.6943979051823, 38.97302830137489, 0.0, 100%
F00C2468-08D9-4EA0-8AE9-0E3BD167CCB7, 2025-08-06 10:34:35, 35.690931805378156, 139.69449372625053, 39.71793650394538, 0.5237571214952484, 100%
F00C2468-08D9-4EA0-8AE9-0E3BD167CCB7, 2025-08-06 10:35:35, 35.690925757136014, 139.6943440397149, 61.714539209377115, -1.0, 100%
F00C2468-08D9-4EA0-8AE9-0E3BD167CCB7, 2025-08-06 10:36:35, 35.69114054475177, 139.69433058831706, 113.5515334407594, 1.8500000238417798, 100%
F00C2468-08D9-4EA0-8AE9-0E3BD167CCB7, 2025-08-06 10:37:35, 35.691328408700144, 139.69490753753158, 35.862287321634874, -1.0, 100%
F00C2468-08D9-4EA0-8AE9-0E3BD167CCB7, 2025-08-06 10:38:35, 35.69150109510506, 139.69491473892302, 45.73837722082771, -1.0, 100%
F00C2468-08D9-4EA0-8AE9-0E3BD167CCB7, 2025-08-06 10:39:35, 35.69193467406688, 139.69523511492173, 23.441766635164136, 0.22977758586348948, 100%
F00C2468-08D9-4EA0-8AE9-0E3BD167CCB7, 2025-08-06 10:40:35, 35.69273373969842, 139.69545830346823, 34.93189485976589, -1.0, 100%
F00C2468-08D9-4EA0-8AE9-0E3BD167CCB7, 2025-08-06 10:41:35, 35.69282972860814, 139.6954107430737, 31.920193277525776, -1.0, 100%
F00C2468-08D9-4EA0-8AE9-0E3BD167CCB7, 2025-08-06 10:42:35, 35.69323054365522, 139.69541803803313, 23.728887404265805, -1.0, 100%
F00C2468-08D9-4EA0-8AE9-0E3BD167CCB7, 2025-08-06 10:43:35, 35.69330078349935, 139.69548987758358, 26.88925564234846, -1.0, 100%
F00C2468-08D9-4EA0-8AE9-0E3BD167CCB7, 2025-08-06 10:44:35, 35.693298554931836, 139.69548689027084, 64.61322334416295, -1.0, 100%
F00C2468-08D9-4EA0-8AE9-0E3BD167CCB7, 2025-08-06 10:45:35, 35.69328718138221, 139.69547220307658, 102.07942727640203, -1.0, 100%
F00C2468-08D9-4EA0-8AE9-0E3BD167CCB7, 2025-08-06 10:46:35, 35.69401231813845, 139.6932694718087, 26.697340256442363, -1.0, 100%
F00C2468-08D9-4EA0-8AE9-0E3BD167CCB7, 2025-08-06 10:47:35, 35.693964771228934, 139.69324953955285, 33.34748194218071, -1.0, 100%
F00C2468-08D9-4EA0-8AE9-0E3BD167CCB7, 2025-08-06 10:48:35, 35.694114914686324, 139.69294667534106, 23.276481004883863, -1.0, 100%
F00C2468-08D9-4EA0-8AE9-0E3BD167CCB7, 2025-08-06 10:49:35, 35.6939979147517, 139.69314841385915, 23.04889662401448, -1.0, 100%
F00C2468-08D9-4EA0-8AE9-0E3BD167CCB7, 2025-08-06 10:50:35, 35.69397800937395, 139.69319141304143, 20.816993287269167, -1.0, 100%
F00C2468-08D9-4EA0-8AE9-0E3BD167CCB7, 2025-08-06 10:51:35, 35.693921658112856, 139.69326127551534, 45.48071113099356, -1.0, 100%
F00C2468-08D9-4EA0-8AE9-0E3BD167CCB7, 2025-08-06 10:52:35, 35.69391946538631, 139.69325997080495, 66.74149443729321, -1.0, 100%
F00C2468-08D9-4EA0-8AE9-0E3BD167CCB7, 2025-08-06 10:53:35, 35.69389613177237, 139.69325425315245, 114.06571428959623, -1.0, 100%
F00C2468-08D9-4EA0-8AE9-0E3BD167CCB7, 2025-08-06 10:54:35, 35.69387310536468, 139.6932486107775, 134.23185190767504, -1.0, 100%
F00C2468-08D9-4EA0-8AE9-0E3BD167CCB7, 2025-08-06 10:55:35, 35.69207134299629, 139.691930216351, 65.79708031988737, -1.0, 95%
F00C2468-08D9-4EA0-8AE9-0E3BD167CCB7, 2025-08-06 10:56:35, 35.69092832550072, 139.69263955413578, 38.72005997479438, -1.0, 95%
F00C2468-08D9-4EA0-8AE9-0E3BD167CCB7, 2025-08-06 10:57:35, 35.69092876471016, 139.69263914935019, 87.8325399845669, -1.0, 95%
F00C2468-08D9-4EA0-8AE9-0E3BD167CCB7, 2025-08-06 10:58:35, 35.69092960168203, 139.69263837797743, 112.38715765230859, -1.0, 95%
F00C2468-08D9-4EA0-8AE9-0E3BD167CCB7, 2025-08-06 10:59:35, 35.69000240161204, 139.69173266519715, 36.701538197765686, -1.0, 95%
F00C2468-08D9-4EA0-8AE9-0E3BD167CCB7, 2025-08-06 11:00:35, 35.68989554982216, 139.69169059926944, 36.317777708373846, -1.0, 95%
F00C2468-08D9-4EA0-8AE9-0E3BD167CCB7, 2025-08-06 11:01:35, 35.68976948391337, 139.6917133819529, 67.52088724244743, -1.0, 95%
F00C2468-08D9-4EA0-8AE9-0E3BD167CCB7, 2025-08-06 11:02:35, 35.68972970458671, 139.69171422481597, 68.3718840578474, -1.0, 95%
F00C2468-08D9-4EA0-8AE9-0E3BD167CCB7, 2025-08-06 11:03:35, 35.69047851488541, 139.69134886100207, 15.115654454829116, 0.0860626842974643, 95%
F00C2468-08D9-4EA0-8AE9-0E3BD167CCB7, 2025-08-06 11:04:35, 35.69029258059134, 139.6909320363734, 9.061938353628607, 0.8104776126795609, 95%
F00C2468-08D9-4EA0-8AE9-0E3BD167CCB7, 2025-08-06 11:05:35, 35.69086000276186, 139.69084025050404, 5.619678426518673, 0.756956538221713, 95%
F00C2468-08D9-4EA0-8AE9-0E3BD167CCB7, 2025-08-06 11:06:35, 35.69068474673361, 139.6902845511647, 9.69326156042494, 0.26255281540081693, 95%
F00C2468-08D9-4EA0-8AE9-0E3BD167CCB7, 2025-08-06 11:07:35, 35.690635208374125, 139.69024174603996, 24.39135637452867, 0.5405564130675523, 95%
F00C2468-08D9-4EA0-8AE9-0E3BD167CCB7, 2025-08-06 11:08:35, 35.69117391143138, 139.69008955812401, 8.231185390158373, 1.2001068773113446, 95%
F00C2468-08D9-4EA0-8AE9-0E3BD167CCB7, 2025-08-06 11:09:35, 35.69153171036107, 139.68938287931584, 8.71824553009471, 0.7899277309294946, 95%
F00C2468-08D9-4EA0-8AE9-0E3BD167CCB7, 2025-08-06 11:10:35, 35.69120931260494, 139.6891844358186, 10.405710756049434, 1.1156688031877577, 95%
F00C2468-08D9-4EA0-8AE9-0E3BD167CCB7, 2025-08-06 11:11:35, 35.69070583402677, 139.68889187566862, 8.068607234541236, 0.6969917984720821, 95%
F00C2468-08D9-4EA0-8AE9-0E3BD167CCB7, 2025-08-06 11:12:35, 35.69017371129288, 139.68899753473724, 12.197082085127594, 0.6365209877684433, 95%
F00C2468-08D9-4EA0-8AE9-0E3BD167CCB7, 2025-08-06 11:13:35, 35.68972472858592, 139.68905400381632, 6.281004331094703, 0.720201507925544, 95%
F00C2468-08D9-4EA0-8AE9-0E3BD167CCB7, 2025-08-06 11:14:35, 35.689606521569445, 139.68906633572217, 10.285221253124222, 0.647308733649987, 95%
F00C2468-08D9-4EA0-8AE9-0E3BD167CCB7, 2025-08-06 11:15:35, 35.68946053802873, 139.68913311616063, 14.00802168630875, 0.0, 95%
F00C2468-08D9-4EA0-8AE9-0E3BD167CCB7, 2025-08-06 11:16:35, 35.68950800372966, 139.6896517062465, 6.247938045698776, 0.9060613778347661, 90%
F00C2468-08D9-4EA0-8AE9-0E3BD167CCB7, 2025-08-06 11:17:35, 35.689793371378435, 139.69012084729644, 4.817723346744248, 0.9302394286459805, 90%
F00C2468-08D9-4EA0-8AE9-0E3BD167CCB7, 2025-08-06 11:18:35, 35.69005693551495, 139.68985204085112, 7.111867129920979, 0.2896238078611224, 90%
F00C2468-08D9-4EA0-8AE9-0E3BD167CCB7, 2025-08-06 11:19:35, 35.69031164353819, 139.68994771440015, 7.068412132388697, 0.9600969187996322, 90%
F00C2468-08D9-4EA0-8AE9-0E3BD167CCB7, 2025-08-06 11:20:35, 35.69071339768834, 139.69017775508686, 9.170992580342956, 0.28722626029311554, 90%
F00C2468-08D9-4EA0-8AE9-0E3BD167CCB7, 2025-08-06 11:21:35, 35.690632222656795, 139.69022073795668, 10.670784472367853, 0.0, 90%
F00C2468-08D9-4EA0-8AE9-0E3BD167CCB7, 2025-08-06 11:22:35, 35.690638314303605, 139.69026182272827, 3.8497346546542213, 0.0, 90%
F00C2468-08D9-4EA0-8AE9-0E3BD167CCB7, 2025-08-06 11:23:35, 35.6907136907036, 139.69025881900674, 10.017748182746335, 0.49560887747738797, 90%
F00C2468-08D9-4EA0-8AE9-0E3BD167CCB7, 2025-08-06 11:24:35, 35.69073226283457, 139.69082440521265, 9.199755853571139, 0.20258531754812975, 90%
F00C2468-08D9-4EA0-8AE9-0E3BD167CCB7, 2025-08-06 11:25:35, 35.690428211817135, 139.69100455576842, 7.588005469398867, 0.049281078642726656, 90%
F00C2468-08D9-4EA0-8AE9-0E3BD167CCB7, 2025-08-06 11:26:35, 35.69039896046367, 139.6909473912352, 14.659214059754127, 0.14567295391393606, 90%
F00C2468-08D9-4EA0-8AE9-0E3BD167CCB7, 2025-08-06 11:27:35, 35.690211201112604, 139.69125019045995, 10.219797223228896, 0.1428330698563999, 90%
F00C2468-08D9-4EA0-8AE9-0E3BD167CCB7, 2025-08-06 11:29:39, 35.690179599666486, 139.69136655590052, 86.99645370201038, -1.0, 90%
F00C2468-08D9-4EA0-8AE9-0E3BD167CCB7, 2025-08-06 11:30:39, 35.69001540577233, 139.6916563465274, 66.9939602430719, -1.0, 90%
F00C2468-08D9-4EA0-8AE9-0E3BD167CCB7, 2025-08-06 11:42:34, 35.691369205616674, 139.69970758349592, 13.490701243203725, -1.0, 90%
F00C2468-08D9-4EA0-8AE9-0E3BD167CCB7, 2025-08-06 11:43:34, 35.69126936578814, 139.69986200917486, 15.288207795010356, -1.0, 90%
F00C2468-08D9-4EA0-8AE9-0E3BD167CCB7, 2025-08-06 11:44:34, 35.69109008880257, 139.69898598281293, 37.83877832689107, -1.0, 90%
F00C2468-08D9-4EA0-8AE9-0E3BD167CCB7, 2025-08-06 11:45:34, 35.69059498747192, 139.6989496728145, 16.67019490460171, -1.0, 90%
F00C2468-08D9-4EA0-8AE9-0E3BD167CCB7, 2025-08-06 11:46:34, 35.69057380935809, 139.69888868740279, 8.866207439595229, -1.0, 90%
F00C2468-08D9-4EA0-8AE9-0E3BD167CCB7, 2025-08-06 11:56:07, 35.67403064771844, 139.668042678816, 27.716993073019676, -1.0, 90%
F00C2468-08D9-4EA0-8AE9-0E3BD167CCB7, 2025-08-06 11:57:07, 35.674282404224314, 139.66884306937345, 25.961592031132568, -1.0, 90%
F00C2468-08D9-4EA0-8AE9-0E3BD167CCB7, 2025-08-06 11:58:07, 35.674425260670866, 139.669262766064, 30.269646245969064, -1.0, 90%
F00C2468-08D9-4EA0-8AE9-0E3BD167CCB7, 2025-08-06 11:59:07, 35.67478027390941, 139.6700778303111, 22.585796724372965, 1.1900000572204383, 90%
F00C2468-08D9-4EA0-8AE9-0E3BD167CCB7, 2025-08-06 12:00:07, 35.67507467530698, 139.67069743036046, 14.482582270652895, 0.7659109213109063, 90%
F00C2468-08D9-4EA0-8AE9-0E3BD167CCB7, 2025-08-06 12:01:07, 35.67522767258275, 139.67088489233012, 13.266286172094915, 0.0, 90%
F00C2468-08D9-4EA0-8AE9-0E3BD167CCB7, 2025-08-06 12:02:07, 35.67524938526554, 139.67085016619458, 23.358866349345597, 0.0, 90%
F00C2468-08D9-4EA0-8AE9-0E3BD167CCB7, 2025-08-06 12:03:07, 35.674881018821445, 139.671067672595, 12.784217312696928, 0.97761702652672, 90%
F00C2468-08D9-4EA0-8AE9-0E3BD167CCB7, 2025-08-06 12:04:07, 35.67450725512765, 139.671133067784, 15.670006711848218, -1.0, 90%
F00C2468-08D9-4EA0-8AE9-0E3BD167CCB7, 2025-08-06 12:05:07, 35.67455159149403, 139.67122370599688, 39.78706498935334, -1.0, 90%
F00C2468-08D9-4EA0-8AE9-0E3BD167CCB7, 2025-08-06 12:06:07, 35.67468225048985, 139.67122114374777, 19.01726055935569, 1.0720230519712783, 90%
F00C2468-08D9-4EA0-8AE9-0E3BD167CCB7, 2025-08-06 12:07:07, 35.6746799077723, 139.6712199430786, 5.730313441604998, 0.0, 90%
F00C2468-08D9-4EA0-8AE9-0E3BD167CCB7, 2025-08-06 12:08:07, 35.67467847797501, 139.67122080388708, 4.074773873622739, 0.0, 90%
F00C2468-08D9-4EA0-8AE9-0E3BD167CCB7, 2025-08-06 13:01:26, 35.67468793640237, 139.6712338617044, 21.955814275784615, -1.0, 85%
F00C2468-08D9-4EA0-8AE9-0E3BD167CCB7, 2025-08-06 13:02:26, 35.67470327307066, 139.6712394495125, 24.249946543308695, 0.0, 85%
F00C2468-08D9-4EA0-8AE9-0E3BD167CCB7, 2025-08-06 13:03:26, 35.67470318578472, 139.67121652503283, 6.277992326994086, 0.0, 85%
F00C2468-08D9-4EA0-8AE9-0E3BD167CCB7, 2025-08-06 13:08:19, 35.674703905859786, 139.67121595948078, 4.227573833253426, 0.0, 85%
